<?xml version="1.0" encoding="UTF-8" standalone="yes"?><!DOCTYPE report PUBLIC "-//JACOCO//DTD Report 1.1//EN" "report.dtd"><report name="debug"><sessioninfo id="unknownhost-45437a1b" start="1783767448618" dump="1783767460045"/><package name="com/github/komidawi/pizzacostcalculator/data/datasource"><class name="com/github/komidawi/pizzacostcalculator/data/datasource/LocalDataSource$getById$1" sourcefilename="LocalDataSource.kt"/><class name="com/github/komidawi/pizzacostcalculator/data/datasource/LocalDataSource" sourcefilename="LocalDataSource.kt"><method name="insert" desc="(Lcom/github/komidawi/pizzacostcalculator/domain/Pizza;Lkotlin/coroutines/Continuation;)Ljava/lang/Object;" line="14"><counter type="INSTRUCTION" missed="0" covered="13"/><counter type="BRANCH" missed="0" covered="2"/><counter type="LINE" missed="0" covered="2"/><counter type="COMPLEXITY" missed="0" covered="2"/><counter type="METHOD" missed="0" covered="1"/></method><method name="insertAll" desc="(Ljava/util/List;Lkotlin/coroutines/Continuation;)Ljava/lang/Object;" line="18"><counter type="INSTRUCTION" missed="13" covered="0"/><counter type="BRANCH" missed="2" covered="0"/><counter type="LINE" missed="2" covered="0"/><counter type="COMPLEXITY" missed="2" covered="0"/><counter type="METHOD" missed="1" covered="0"/></method><method name="getById" desc="(JLkotlin/coroutines/Continuation;)Ljava/lang/Object;" line="21"><counter type="INSTRUCTION" missed="63" covered="0"/><counter type="BRANCH" missed="11" covered="0"/><counter type="LINE" missed="1" covered="0"/><counter type="COMPLEXITY" missed="7" covered="0"/><counter type="METHOD" missed="1" covered="0"/></method><method name="getByUuid" desc="(Ljava/util/UUID;Lkotlin/coroutines/Continuation;)Ljava/lang/Object;" line="23"><counter type="INSTRUCTION" missed="7" covered="60"/><counter type="BRANCH" missed="3" covered="8"/><counter type="LINE" missed="0" covered="2"/><counter type="COMPLEXITY" missed="3" covered="4"/><counter type="METHOD" missed="0" covered="1"/></method><method name="getAll" desc="()Landroidx/lifecycle/LiveData;" line="27"><counter type="INSTRUCTION" missed="0" covered="10"/><counter type="LINE" missed="0" covered="2"/><counter type="COMPLEXITY" missed="0" covered="1"/><counter type="METHOD" missed="0" covered="1"/></method><method name="update" desc="(Lcom/github/komidawi/pizzacostcalculator/domain/Pizza;Lkotlin/coroutines/Continuation;)Ljava/lang/Object;" line="32"><counter type="INSTRUCTION" missed="13" covered="0"/><counter type="BRANCH" missed="2" covered="0"/><counter type="LINE" missed="2" covered="0"/><counter type="COMPLEXITY" missed="2" covered="0"/><counter type="METHOD" missed="1" covered="0"/></method><method name="deleteById" desc="(JLkotlin/coroutines/Continuation;)Ljava/lang/Object;" line="36"><counter type="INSTRUCTION" missed="12" covered="0"/><counter type="BRANCH" missed="2" covered="0"/><counter type="LINE" missed="2" covered="0"/><counter type="COMPLEXITY" missed="2" covered="0"/><counter type="METHOD" missed="1" covered="0"/></method><method name="deleteByUuid" desc="(Ljava/util/UUID;Lkotlin/coroutines/Continuation;)Ljava/lang/Object;" line="40"><counter type="INSTRUCTION" missed="0" covered="16"/><counter type="BRANCH" missed="0" covered="2"/><counter type="LINE" missed="0" covered="2"/><counter type="COMPLEXITY" missed="0" covered="2"/><counter type="METHOD" missed="0" covered="1"/></method><method name="deleteAll" desc="(Lkotlin/coroutines/Continuation;)Ljava/lang/Object;" line="44"><counter type="INSTRUCTION" missed="3" covered="8"/><counter type="BRANCH" missed="1" covered="1"/><counter type="LINE" missed="1" covered="1"/><counter type="COMPLEXITY" missed="1" covered="1"/><counter type="METHOD" missed="0" covered="1"/></method><method name="&lt;init&gt;" desc="(Lcom/github/komidawi/pizzacostcalculator/data/db/PizzaDatabaseDao;)V" line="11"><counter type="INSTRUCTION" missed="0" covered="9"/><counter type="LINE" missed="0" covered="1"/><counter type="COMPLEXITY" missed="0" covered="1"/><counter type="METHOD" missed="0" covered="1"/></method><counter type="INSTRUCTION" missed="111" covered="116"/><counter type="BRANCH" missed="21" covered="13"/><counter type="LINE" missed="8" covered="10"/><counter type="COMPLEXITY" missed="17" covered="11"/><counter type="METHOD" missed="4" covered="6"/><counter type="CLASS" missed="0" covered="1"/></class><class name="com/github/komidawi/pizzacostcalculator/data/datasource/LocalDataSource$getByUuid$1" sourcefilename="LocalDataSource.kt"/><class name="com/github/komidawi/pizzacostcalculator/data/datasource/LocalDataSource$getAll$1" sourcefilename="LocalDataSource.kt"><method name="apply" desc="(Ljava/util/List;)Ljava/util/List;" line="28"><counter type="INSTRUCTION" missed="0" covered="6"/><counter type="LINE" missed="0" covered="1"/><counter type="COMPLEXITY" missed="0" covered="1"/><counter type="METHOD" missed="0" covered="1"/></method><counter type="INSTRUCTION" missed="0" covered="6"/><counter type="LINE" missed="0" covered="1"/><counter type="COMPLEXITY" missed="0" covered="1"/><counter type="METHOD" missed="0" covered="1"/><counter type="CLASS" missed="0" covered="1"/></class><class name="com/github/komidawi/pizzacostcalculator/data/datasource/DataSource" sourcefilename="DataSource.kt"/><sourcefile name="DataSource.kt"/><sourcefile name="LocalDataSource.kt"><line nr="11" mi="0" ci="6" mb="0" cb="0"/><line nr="14" mi="0" ci="11" mb="0" cb="2"/><line nr="15" mi="0" ci="2" mb="0" cb="0"/><line nr="18" mi="11" ci="0" mb="2" cb="0"/><line nr="19" mi="2" ci="0" mb="0" cb="0"/><line nr="21" mi="35" ci="0" mb="7" cb="0"/><line nr="23" mi="0" ci="11" mb="1" cb="2"/><line nr="24" mi="7" ci="21" mb="1" cb="3"/><line nr="27" mi="0" ci="9" mb="0" cb="0"/><line nr="28" mi="0" ci="6" mb="0" cb="0"/><line nr="29" mi="0" ci="1" mb="0" cb="0"/><line nr="32" mi="11" ci="0" mb="2" cb="0"/><line nr="33" mi="2" ci="0" mb="0" cb="0"/><line nr="36" mi="10" ci="0" mb="2" cb="0"/><line nr="37" mi="2" ci="0" mb="0" cb="0"/><line nr="40" mi="0" ci="14" mb="0" cb="2"/><line nr="41" mi="0" ci="2" mb="0" cb="0"/><line nr="44" mi="1" ci="8" mb="1" cb="1"/><line nr="45" mi="2" ci="0" mb="0" cb="0"/><counter type="INSTRUCTION" missed="111" covered="122"/><counter type="BRANCH" missed="21" covered="13"/><counter type="LINE" missed="8" covered="11"/><counter type="COMPLEXITY" missed="17" covered="12"/><counter type="METHOD" missed="4" covered="7"/><counter type="CLASS" missed="0" covered="2"/></sourcefile><counter type="INSTRUCTION" missed="111" covered="122"/><counter type="BRANCH" missed="21" covered="13"/><counter type="LINE" missed="8" covered="11"/><counter type="COMPLEXITY" missed="17" covered="12"/><counter type="METHOD" missed="4" covered="7"/><counter type="CLASS" missed="0" covered="2"/></package><package name="com/github/komidawi/pizzacostcalculator/data/db"><class name="com/github/komidawi/pizzacostcalculator/data/db/PizzaDatabaseDao_Impl" sourcefilename="PizzaDatabaseDao_Impl.java"><method name="&lt;init&gt;" desc="(Landroidx/room/RoomDatabase;)V" line="42"><counter type="INSTRUCTION" missed="0" covered="41"/><counter type="LINE" missed="0" covered="8"/><counter type="COMPLEXITY" missed="0" covered="1"/><counter type="METHOD" missed="0" covered="1"/></method><method name="insert" desc="(Lcom/github/komidawi/pizzacostcalculator/data/db/PizzaEntity;Lkotlin/coroutines/Continuation;)Ljava/lang/Object;" line="174"><counter type="INSTRUCTION" missed="0" covered="11"/><counter type="LINE" missed="0" covered="1"/><counter type="COMPLEXITY" missed="0" covered="1"/><counter type="METHOD" missed="0" covered="1"/></method><method name="insertAll" desc="(Ljava/util/List;Lkotlin/coroutines/Continuation;)Ljava/lang/Object;" line="192"><counter type="INSTRUCTION" missed="11" covered="0"/><counter type="LINE" missed="1" covered="0"/><counter type="COMPLEXITY" missed="1" covered="0"/><counter type="METHOD" missed="1" covered="0"/></method><method name="update" desc="(Lcom/github/komidawi/pizzacostcalculator/data/db/PizzaEntity;Lkotlin/coroutines/Continuation;)Ljava/lang/Object;" line="209"><counter type="INSTRUCTION" missed="11" covered="0"/><counter type="LINE" missed="1" covered="0"/><counter type="COMPLEXITY" missed="1" covered="0"/><counter type="METHOD" missed="1" covered="0"/></method><method name="deleteById" desc="(JLkotlin/coroutines/Continuation;)Ljava/lang/Object;" line="226"><counter type="INSTRUCTION" missed="11" covered="0"/><counter type="LINE" missed="1" covered="0"/><counter type="COMPLEXITY" missed="1" covered="0"/><counter type="METHOD" missed="1" covered="0"/></method><method name="deleteByUuid" desc="(Ljava/lang/String;Lkotlin/coroutines/Continuation;)Ljava/lang/Object;" line="247"><counter type="INSTRUCTION" missed="0" covered="11"/><counter type="LINE" missed="0" covered="1"/><counter type="COMPLEXITY" missed="0" covered="1"/><counter type="METHOD" missed="0" covered="1"/></method><method name="deleteAll" desc="(Lkotlin/coroutines/Continuation;)Ljava/lang/Object;" line="272"><counter type="INSTRUCTION" missed="0" covered="10"/><counter type="LINE" missed="0" covered="1"/><counter type="COMPLEXITY" missed="0" covered="1"/><counter type="METHOD" missed="0" covered="1"/></method><method name="getById" desc="(JLkotlin/coroutines/Continuation;)Ljava/lang/Object;" line="291"><counter type="INSTRUCTION" missed="23" covered="0"/><counter type="LINE" missed="5" covered="0"/><counter type="COMPLEXITY" missed="1" covered="0"/><counter type="METHOD" missed="1" covered="0"/></method><method name="getByUuid" desc="(Ljava/lang/String;Lkotlin/coroutines/Continuation;)Ljava/lang/Object;" line="345"><counter type="INSTRUCTION" missed="4" covered="25"/><counter type="BRANCH" missed="1" covered="1"/><counter type="LINE" missed="1" covered="6"/><counter type="COMPLEXITY" missed="1" covered="1"/><counter type="METHOD" missed="0" covered="1"/></method><method name="getAll" desc="()Landroidx/lifecycle/LiveData;" line="403"><counter type="INSTRUCTION" missed="0" covered="23"/><counter type="LINE" missed="0" covered="3"/><counter type="COMPLEXITY" missed="0" covered="1"/><counter type="METHOD" missed="0" covered="1"/></method><counter type="INSTRUCTION" missed="60" covered="121"/><counter type="BRANCH" missed="1" covered="1"/><counter type="LINE" missed="9" covered="20"/><counter type="COMPLEXITY" missed="5" covered="6"/><counter type="METHOD" missed="4" covered="6"/><counter type="CLASS" missed="0" covered="1"/></class><class name="com/github/komidawi/pizzacostcalculator/data/db/Migrations" sourcefilename="Migrations.kt"><method name="getMIGRATION_3_4" desc="()Landroidx/room/migration/Migration;" line="8"><counter type="INSTRUCTION" missed="0" covered="2"/><counter type="LINE" missed="0" covered="1"/><counter type="COMPLEXITY" missed="0" covered="1"/><counter type="METHOD" missed="0" covered="1"/></method><method name="getMIGRATION_4_5" desc="()Landroidx/room/migration/Migration;" line="15"><counter type="INSTRUCTION" missed="0" covered="2"/><counter type="LINE" missed="0" covered="1"/><counter type="COMPLEXITY" missed="0" covered="1"/><counter type="METHOD" missed="0" covered="1"/></method><method name="&lt;clinit&gt;" desc="()V" line="6"><counter type="INSTRUCTION" missed="0" covered="21"/><counter type="LINE" missed="0" covered="3"/><counter type="COMPLEXITY" missed="0" covered="1"/><counter type="METHOD" missed="0" covered="1"/></method><counter type="INSTRUCTION" missed="0" covered="25"/><counter type="LINE" missed="0" covered="3"/><counter type="COMPLEXITY" missed="0" covered="3"/><counter type="METHOD" missed="0" covered="3"/><counter type="CLASS" missed="0" covered="1"/></class><class name="com/github/komidawi/pizzacostcalculator/data/db/PizzaEntity" sourcefilename="PizzaEntity.kt"><method name="getPizzeria" desc="()Ljava/lang/String;" line="16"><counter type="INSTRUCTION" missed="0" covered="3"/><counter type="LINE" missed="0" covered="1"/><counter type="COMPLEXITY" missed="0" covered="1"/><counter type="METHOD" missed="0" covered="1"/></method><method name="getName" desc="()Ljava/lang/String;" line="18"><counter type="INSTRUCTION" missed="0" covered="3"/><counter type="LINE" missed="0" covered="1"/><counter type="COMPLEXITY" missed="0" covered="1"/><counter type="METHOD" missed="0" covered="1"/></method><method name="getSize" desc="()Ljava/lang/String;" line="20"><counter type="INSTRUCTION" missed="0" covered="3"/><counter type="LINE" missed="0" covered="1"/><counter type="COMPLEXITY" missed="0" covered="1"/><counter type="METHOD" missed="0" covered="1"/></method><method name="getPrice" desc="()Ljava/lang/String;" line="22"><counter type="INSTRUCTION" missed="0" covered="3"/><counter type="LINE" missed="0" covered="1"/><counter type="COMPLEXITY" missed="0" covered="1"/><counter type="METHOD" missed="0" covered="1"/></method><method name="getRatio" desc="()Ljava/lang/String;" line="24"><counter type="INSTRUCTION" missed="0" covered="3"/><counter type="LINE" missed="0" covered="1"/><counter type="COMPLEXITY" missed="0" covered="1"/><counter type="METHOD" missed="0" covered="1"/></method><method name="getDeliveryCost" desc="()Ljava/lang/String;" line="27"><counter type="INSTRUCTION" missed="0" covered="3"/><counter type="LINE" missed="0" covered="1"/><counter type="COMPLEXITY" missed="0" covered="1"/><counter type="METHOD" missed="0" covered="1"/></method><method name="getUuid" desc="()Ljava/lang/String;" line="29"><counter type="INSTRUCTION" missed="0" covered="3"/><counter type="LINE" missed="0" covered="1"/><counter type="COMPLEXITY" missed="0" covered="1"/><counter type="METHOD" missed="0" covered="1"/></method><method name="getId" desc="()Ljava/lang/Long;" line="32"><counter type="INSTRUCTION" missed="0" covered="3"/><counter type="LINE" missed="0" covered="1"/><counter type="COMPLEXITY" missed="0" covered="1"/><counter type="METHOD" missed="0" covered="1"/></method><method name="&lt;init&gt;" desc="(Ljava/lang/String;Ljava/lang/String;Ljava/lang/String;Ljava/lang/String;Ljava/lang/String;Ljava/lang/String;Ljava/lang/String;Ljava/lang/Long;)V" line="14"><counter type="INSTRUCTION" missed="0" covered="45"/><counter type="LINE" missed="0" covered="1"/><counter type="COMPLEXITY" missed="0" covered="1"/><counter type="METHOD" missed="0" covered="1"/></method><counter type="INSTRUCTION" missed="0" covered="69"/><counter type="LINE" missed="0" covered="9"/><counter type="COMPLEXITY" missed="0" covered="9"/><counter type="METHOD" missed="0" covered="9"/><counter type="CLASS" missed="0" covered="1"/></class><class name="com/github/komidawi/pizzacostcalculator/data/db/Migrations$MIGRATION_3_4$1" sourcefilename="Migrations.kt"><method name="migrate" desc="(Landroidx/sqlite/db/SupportSQLiteDatabase;)V" line="10"><counter type="INSTRUCTION" missed="10" covered="0"/><counter type="LINE" missed="3" covered="0"/><counter type="COMPLEXITY" missed="1" covered="0"/><counter type="METHOD" missed="1" covered="0"/></method><method name="&lt;init&gt;" desc="(II)V" line="8"><counter type="INSTRUCTION" missed="0" covered="5"/><counter type="LINE" missed="0" covered="1"/><counter type="COMPLEXITY" missed="0" covered="1"/><counter type="METHOD" missed="0" covered="1"/></method><counter type="INSTRUCTION" missed="10" covered="5"/><counter type="LINE" missed="3" covered="1"/><counter type="COMPLEXITY" missed="1" covered="1"/><counter type="METHOD" missed="1" covered="1"/><counter type="CLASS" missed="0" covered="1"/></class><class name="com/github/komidawi/pizzacostcalculator/data/db/PizzaDatabaseDao_Impl$1" sourcefilename="PizzaDatabaseDao_Impl.java"><method name="&lt;init&gt;" desc="(Lcom/github/komidawi/pizzacostcalculator/data/db/PizzaDatabaseDao_Impl;Landroidx/room/RoomDatabase;)V" line="44"><counter type="INSTRUCTION" missed="0" covered="7"/><counter type="LINE" missed="0" covered="1"/><counter type="COMPLEXITY" missed="0" covered="1"/><counter type="METHOD" missed="0" covered="1"/></method><method name="createQuery" desc="()Ljava/lang/String;" line="47"><counter type="INSTRUCTION" missed="0" covered="2"/><counter type="LINE" missed="0" covered="1"/><counter type="COMPLEXITY" missed="0" covered="1"/><counter type="METHOD" missed="0" covered="1"/></method><method name="bind" desc="(Landroidx/sqlite/db/SupportSQLiteStatement;Lcom/github/komidawi/pizzacostcalculator/data/db/PizzaEntity;)V" line="52"><counter type="INSTRUCTION" missed="34" covered="64"/><counter type="BRANCH" missed="8" covered="8"/><counter type="LINE" missed="8" covered="17"/><counter type="COMPLEXITY" missed="8" covered="1"/><counter type="METHOD" missed="0" covered="1"/></method><counter type="INSTRUCTION" missed="34" covered="73"/><counter type="BRANCH" missed="8" covered="8"/><counter type="LINE" missed="8" covered="19"/><counter type="COMPLEXITY" missed="8" covered="3"/><counter type="METHOD" missed="0" covered="3"/><counter type="CLASS" missed="0" covered="1"/></class><class name="com/github/komidawi/pizzacostcalculator/data/db/PizzaDatabase_Impl" sourcefilename="PizzaDatabase_Impl.java"><method name="&lt;init&gt;" desc="()V" line="27"><counter type="INSTRUCTION" missed="0" covered="3"/><counter type="LINE" missed="0" covered="1"/><counter type="COMPLEXITY" missed="0" covered="1"/><counter type="METHOD" missed="0" covered="1"/></method><method name="createOpenHelper" desc="(Landroidx/room/DatabaseConfiguration;)Landroidx/sqlite/db/SupportSQLiteOpenHelper;" line="32"><counter type="INSTRUCTION" missed="0" covered="29"/><counter type="LINE" missed="0" covered="7"/><counter type="COMPLEXITY" missed="0" covered="1"/><counter type="METHOD" missed="0" covered="1"/></method><method name="createInvalidationTracker" desc="()Landroidx/room/InvalidationTracker;" line="112"><counter type="INSTRUCTION" missed="0" covered="23"/><counter type="LINE" missed="0" covered="3"/><counter type="COMPLEXITY" missed="0" covered="1"/><counter type="METHOD" missed="0" covered="1"/></method><method name="clearAllTables" desc="()V" line="119"><counter type="INSTRUCTION" missed="0" covered="26"/><counter type="BRANCH" missed="1" covered="1"/><counter type="LINE" missed="0" covered="10"/><counter type="COMPLEXITY" missed="1" covered="1"/><counter type="METHOD" missed="0" covered="1"/></method><method name="getPizzaDatabaseDao" desc="()Lcom/github/komidawi/pizzacostcalculator/data/db/PizzaDatabaseDao;" line="136"><counter type="INSTRUCTION" missed="0" covered="24"/><counter type="BRANCH" missed="1" covered="3"/><counter type="LINE" missed="0" covered="6"/><counter type="COMPLEXITY" missed="1" covered="2"/><counter type="METHOD" missed="0" covered="1"/></method><counter type="INSTRUCTION" missed="0" covered="105"/><counter type="BRANCH" missed="2" covered="4"/><counter type="LINE" missed="0" covered="27"/><counter type="COMPLEXITY" missed="2" covered="6"/><counter type="METHOD" missed="0" covered="5"/><counter type="CLASS" missed="0" covered="1"/></class><class name="com/github/komidawi/pizzacostcalculator/data/db/PizzaDatabaseDao_Impl$7" sourcefilename="PizzaDatabaseDao_Impl.java"><method name="&lt;init&gt;" desc="(Lcom/github/komidawi/pizzacostcalculator/data/db/PizzaDatabaseDao_Impl;Ljava/util/List;)V" line="192"><counter type="INSTRUCTION" missed="9" covered="0"/><counter type="LINE" missed="1" covered="0"/><counter type="COMPLEXITY" missed="1" covered="0"/><counter type="METHOD" missed="1" covered="0"/></method><method name="call" desc="()Lkotlin/Unit;" line="195"><counter type="INSTRUCTION" missed="22" covered="0"/><counter type="LINE" missed="5" covered="0"/><counter type="COMPLEXITY" missed="1" covered="0"/><counter type="METHOD" missed="1" covered="0"/></method><counter type="INSTRUCTION" missed="31" covered="0"/><counter type="LINE" missed="6" covered="0"/><counter type="COMPLEXITY" missed="2" covered="0"/><counter type="METHOD" missed="2" covered="0"/><counter type="CLASS" missed="1" covered="0"/></class><class name="com/github/komidawi/pizzacostcalculator/data/db/PizzaDatabaseDao_Impl$6" sourcefilename="PizzaDatabaseDao_Impl.java"><method name="&lt;init&gt;" desc="(Lcom/github/komidawi/pizzacostcalculator/data/db/PizzaDatabaseDao_Impl;Lcom/github/komidawi/pizzacostcalculator/data/db/PizzaEntity;)V" line="174"><counter type="INSTRUCTION" missed="0" covered="9"/><counter type="LINE" missed="0" covered="1"/><counter type="COMPLEXITY" missed="0" covered="1"/><counter type="METHOD" missed="0" covered="1"/></method><method name="call" desc="()Lkotlin/Unit;" line="177"><counter type="INSTRUCTION" missed="0" covered="22"/><counter type="LINE" missed="0" covered="5"/><counter type="COMPLEXITY" missed="0" covered="1"/><counter type="METHOD" missed="0" covered="1"/></method><counter type="INSTRUCTION" missed="0" covered="31"/><counter type="LINE" missed="0" covered="6"/><counter type="COMPLEXITY" missed="0" covered="2"/><counter type="METHOD" missed="0" covered="2"/><counter type="CLASS" missed="0" covered="1"/></class><class name="com/github/komidawi/pizzacostcalculator/data/db/PizzaDatabaseDao_Impl$9" sourcefilename="PizzaDatabaseDao_Impl.java"><method name="&lt;init&gt;" desc="(Lcom/github/komidawi/pizzacostcalculator/data/db/PizzaDatabaseDao_Impl;J)V" line="226"><counter type="INSTRUCTION" missed="9" covered="0"/><counter type="LINE" missed="1" covered="0"/><counter type="COMPLEXITY" missed="1" covered="0"/><counter type="METHOD" missed="1" covered="0"/></method><method name="call" desc="()Lkotlin/Unit;" line="229"><counter type="INSTRUCTION" missed="36" covered="0"/><counter type="LINE" missed="9" covered="0"/><counter type="COMPLEXITY" missed="1" covered="0"/><counter type="METHOD" missed="1" covered="0"/></method><counter type="INSTRUCTION" missed="45" covered="0"/><counter type="LINE" missed="10" covered="0"/><counter type="COMPLEXITY" missed="2" covered="0"/><counter type="METHOD" missed="2" covered="0"/><counter type="CLASS" missed="1" covered="0"/></class><class name="com/github/komidawi/pizzacostcalculator/data/db/PizzaDatabaseDao_Impl$8" sourcefilename="PizzaDatabaseDao_Impl.java"><method name="&lt;init&gt;" desc="(Lcom/github/komidawi/pizzacostcalculator/data/db/PizzaDatabaseDao_Impl;Lcom/github/komidawi/pizzacostcalculator/data/db/PizzaEntity;)V" line="209"><counter type="INSTRUCTION" missed="9" covered="0"/><counter type="LINE" missed="1" covered="0"/><counter type="COMPLEXITY" missed="1" covered="0"/><counter type="METHOD" missed="1" covered="0"/></method><method name="call" desc="()Lkotlin/Unit;" line="212"><counter type="INSTRUCTION" missed="23" covered="0"/><counter type="LINE" missed="5" covered="0"/><counter type="COMPLEXITY" missed="1" covered="0"/><counter type="METHOD" missed="1" covered="0"/></method><counter type="INSTRUCTION" missed="32" covered="0"/><counter type="LINE" missed="6" covered="0"/><counter type="COMPLEXITY" missed="2" covered="0"/><counter type="METHOD" missed="2" covered="0"/><counter type="CLASS" missed="1" covered="0"/></class><class name="com/github/komidawi/pizzacostcalculator/data/db/PizzaDatabaseDao_Impl$3" sourcefilename="PizzaDatabaseDao_Impl.java"><method name="&lt;init&gt;" desc="(Lcom/github/komidawi/pizzacostcalculator/data/db/PizzaDatabaseDao_Impl;Landroidx/room/RoomDatabase;)V" line="149"><counter type="INSTRUCTION" missed="0" covered="7"/><counter type="LINE" missed="0" covered="1"/><counter type="COMPLEXITY" missed="0" covered="1"/><counter type="METHOD" missed="0" covered="1"/></method><method name="createQuery" desc="()Ljava/lang/String;" line="152"><counter type="INSTRUCTION" missed="4" covered="0"/><counter type="LINE" missed="2" covered="0"/><counter type="COMPLEXITY" missed="1" covered="0"/><counter type="METHOD" missed="1" covered="0"/></method><counter type="INSTRUCTION" missed="4" covered="7"/><counter type="LINE" missed="2" covered="1"/><counter type="COMPLEXITY" missed="1" covered="1"/><counter type="METHOD" missed="1" covered="1"/><counter type="CLASS" missed="0" covered="1"/></class><class name="com/github/komidawi/pizzacostcalculator/data/db/PizzaDatabaseDao_Impl$2" sourcefilename="PizzaDatabaseDao_Impl.java"><method name="&lt;init&gt;" desc="(Lcom/github/komidawi/pizzacostcalculator/data/db/PizzaDatabaseDao_Impl;Landroidx/room/RoomDatabase;)V" line="94"><counter type="INSTRUCTION" missed="0" covered="7"/><counter type="LINE" missed="0" covered="1"/><counter type="COMPLEXITY" missed="0" covered="1"/><counter type="METHOD" missed="0" covered="1"/></method><method name="createQuery" desc="()Ljava/lang/String;" line="97"><counter type="INSTRUCTION" missed="2" covered="0"/><counter type="LINE" missed="1" covered="0"/><counter type="COMPLEXITY" missed="1" covered="0"/><counter type="METHOD" missed="1" covered="0"/></method><method name="bind" desc="(Landroidx/sqlite/db/SupportSQLiteStatement;Lcom/github/komidawi/pizzacostcalculator/data/db/PizzaEntity;)V" line="102"><counter type="INSTRUCTION" missed="111" covered="0"/><counter type="BRANCH" missed="18" covered="0"/><counter type="LINE" missed="28" covered="0"/><counter type="COMPLEXITY" missed="10" covered="0"/><counter type="METHOD" missed="1" covered="0"/></method><counter type="INSTRUCTION" missed="113" covered="7"/><counter type="BRANCH" missed="18" covered="0"/><counter type="LINE" missed="29" covered="1"/><counter type="COMPLEXITY" missed="11" covered="1"/><counter type="METHOD" missed="2" covered="1"/><counter type="CLASS" missed="0" covered="1"/></class><class name="com/github/komidawi/pizzacostcalculator/data/db/PizzaDatabaseDao_Impl$5" sourcefilename="PizzaDatabaseDao_Impl.java"><method name="&lt;init&gt;" desc="(Lcom/github/komidawi/pizzacostcalculator/data/db/PizzaDatabaseDao_Impl;Landroidx/room/RoomDatabase;)V" line="163"><counter type="INSTRUCTION" missed="0" covered="7"/><counter type="LINE" missed="0" covered="1"/><counter type="COMPLEXITY" missed="0" covered="1"/><counter type="METHOD" missed="0" covered="1"/></method><method name="createQuery" desc="()Ljava/lang/String;" line="166"><counter type="INSTRUCTION" missed="0" covered="4"/><counter type="LINE" missed="0" covered="2"/><counter type="COMPLEXITY" missed="0" covered="1"/><counter type="METHOD" missed="0" covered="1"/></method><counter type="INSTRUCTION" missed="0" covered="11"/><counter type="LINE" missed="0" covered="3"/><counter type="COMPLEXITY" missed="0" covered="2"/><counter type="METHOD" missed="0" covered="2"/><counter type="CLASS" missed="0" covered="1"/></class><class name="com/github/komidawi/pizzacostcalculator/data/db/PizzaDatabaseDao_Impl$4" sourcefilename="PizzaDatabaseDao_Impl.java"><method name="&lt;init&gt;" desc="(Lcom/github/komidawi/pizzacostcalculator/data/db/PizzaDatabaseDao_Impl;Landroidx/room/RoomDatabase;)V" line="156"><counter type="INSTRUCTION" missed="0" covered="7"/><counter type="LINE" missed="0" covered="1"/><counter type="COMPLEXITY" missed="0" covered="1"/><counter type="METHOD" missed="0" covered="1"/></method><method name="createQuery" desc="()Ljava/lang/String;" line="159"><counter type="INSTRUCTION" missed="0" covered="4"/><counter type="LINE" missed="0" covered="2"/><counter type="COMPLEXITY" missed="0" covered="1"/><counter type="METHOD" missed="0" covered="1"/></method><counter type="INSTRUCTION" missed="0" covered="11"/><counter type="LINE" missed="0" covered="3"/><counter type="COMPLEXITY" missed="0" covered="2"/><counter type="METHOD" missed="0" covered="2"/><counter type="CLASS" missed="0" covered="1"/></class><class name="com/github/komidawi/pizzacostcalculator/data/db/PizzaEntityKt" sourcefilename="PizzaEntity.kt"><method name="asDomainModel" desc="(Lcom/github/komidawi/pizzacostcalculator/data/db/PizzaEntity;)Lcom/github/komidawi/pizzacostcalculator/domain/Pizza;" line="36"><counter type="INSTRUCTION" missed="0" covered="39"/><counter type="LINE" missed="0" covered="10"/><counter type="COMPLEXITY" missed="0" covered="1"/><counter type="METHOD" missed="0" covered="1"/></method><method name="asDomainModel" desc="(Ljava/util/List;)Ljava/util/List;" line="48"><counter type="INSTRUCTION" missed="0" covered="16"/><counter type="LINE" missed="0" covered="1"/><counter type="COMPLEXITY" missed="0" covered="1"/><counter type="METHOD" missed="0" covered="1"/></method><counter type="INSTRUCTION" missed="0" covered="55"/><counter type="LINE" missed="0" covered="11"/><counter type="COMPLEXITY" missed="0" covered="2"/><counter type="METHOD" missed="0" covered="2"/><counter type="CLASS" missed="0" covered="1"/></class><class name="com/github/komidawi/pizzacostcalculator/data/db/PizzaDatabaseDao" sourcefilename="PizzaDatabaseDao.kt"/><class name="com/github/komidawi/pizzacostcalculator/data/db/PizzaDatabase" sourcefilename="PizzaDatabase.kt"><method name="&lt;init&gt;" desc="()V" line="7"><counter type="INSTRUCTION" missed="0" covered="3"/><counter type="LINE" missed="0" covered="1"/><counter type="COMPLEXITY" missed="0" covered="1"/><counter type="METHOD" missed="0" covered="1"/></method><counter type="INSTRUCTION" missed="0" covered="3"/><counter type="LINE" missed="0" covered="1"/><counter type="COMPLEXITY" missed="0" covered="1"/><counter type="METHOD" missed="0" covered="1"/><counter type="CLASS" missed="0" covered="1"/></class><class name="com/github/komidawi/pizzacostcalculator/data/db/PizzaDatabaseDao_Impl$13" sourcefilename="PizzaDatabaseDao_Impl.java"><method name="&lt;init&gt;" desc="(Lcom/github/komidawi/pizzacostcalculator/data/db/PizzaDatabaseDao_Impl;Landroidx/room/RoomSQLiteQuery;)V" line="353"><counter type="INSTRUCTION" missed="0" covered="9"/><counter type="LINE" missed="0" covered="1"/><counter type="COMPLEXITY" missed="0" covered="1"/><counter type="METHOD" missed="0" covered="1"/></method><method name="call" desc="()Lcom/github/komidawi/pizzacostcalculator/data/db/PizzaEntity;" line="356"><counter type="INSTRUCTION" missed="3" covered="105"/><counter type="BRANCH" missed="1" covered="3"/><counter type="LINE" missed="1" covered="25"/><counter type="COMPLEXITY" missed="1" covered="2"/><counter type="METHOD" missed="0" covered="1"/></method><counter type="INSTRUCTION" missed="3" covered="114"/><counter type="BRANCH" missed="1" covered="3"/><counter type="LINE" missed="1" covered="26"/><counter type="COMPLEXITY" missed="1" covered="3"/><counter type="METHOD" missed="0" covered="2"/><counter type="CLASS" missed="0" covered="1"/></class><class name="com/github/komidawi/pizzacostcalculator/data/db/PizzaDatabaseDao_Impl$14" sourcefilename="PizzaDatabaseDao_Impl.java"><method name="&lt;init&gt;" desc="(Lcom/github/komidawi/pizzacostcalculator/data/db/PizzaDatabaseDao_Impl;Landroidx/room/RoomSQLiteQuery;)V" line="405"><counter type="INSTRUCTION" missed="0" covered="9"/><counter type="LINE" missed="0" covered="1"/><counter type="COMPLEXITY" missed="0" covered="1"/><counter type="METHOD" missed="0" covered="1"/></method><method name="call" desc="()Ljava/util/List;" line="408"><counter type="INSTRUCTION" missed="3" covered="110"/><counter type="BRANCH" missed="1" covered="3"/><counter type="LINE" missed="1" covered="25"/><counter type="COMPLEXITY" missed="1" covered="2"/><counter type="METHOD" missed="0" covered="1"/></method><method name="finalize" desc="()V" line="452"><counter type="INSTRUCTION" missed="0" covered="4"/><counter type="LINE" missed="0" covered="2"/><counter type="COMPLEXITY" missed="0" covered="1"/><counter type="METHOD" missed="0" covered="1"/></method><counter type="INSTRUCTION" missed="3" covered="123"/><counter type="BRANCH" missed="1" covered="3"/><counter type="LINE" missed="1" covered="28"/><counter type="COMPLEXITY" missed="1" covered="4"/><counter type="METHOD" missed="0" covered="3"/><counter type="CLASS" missed="0" covered="1"/></class><class name="com/github/komidawi/pizzacostcalculator/data/db/PizzaDatabaseDao_Impl$10" sourcefilename="PizzaDatabaseDao_Impl.java"><method name="&lt;init&gt;" desc="(Lcom/github/komidawi/pizzacostcalculator/data/db/PizzaDatabaseDao_Impl;Ljava/lang/String;)V" line="247"><counter type="INSTRUCTION" missed="0" covered="9"/><counter type="LINE" missed="0" covered="1"/><counter type="COMPLEXITY" missed="0" covered="1"/><counter type="METHOD" missed="0" covered="1"/></method><method name="call" desc="()Lkotlin/Unit;" line="250"><counter type="INSTRUCTION" missed="4" covered="39"/><counter type="BRANCH" missed="1" covered="1"/><counter type="LINE" missed="1" covered="10"/><counter type="COMPLEXITY" missed="1" covered="1"/><counter type="METHOD" missed="0" covered="1"/></method><counter type="INSTRUCTION" missed="4" covered="48"/><counter type="BRANCH" missed="1" covered="1"/><counter type="LINE" missed="1" covered="11"/><counter type="COMPLEXITY" missed="1" covered="2"/><counter type="METHOD" missed="0" covered="2"/><counter type="CLASS" missed="0" covered="1"/></class><class name="com/github/komidawi/pizzacostcalculator/data/db/PizzaDatabaseDao_Impl$11" sourcefilename="PizzaDatabaseDao_Impl.java"><method name="&lt;init&gt;" desc="(Lcom/github/komidawi/pizzacostcalculator/data/db/PizzaDatabaseDao_Impl;)V" line="272"><counter type="INSTRUCTION" missed="0" covered="6"/><counter type="LINE" missed="0" covered="1"/><counter type="COMPLEXITY" missed="0" covered="1"/><counter type="METHOD" missed="0" covered="1"/></method><method name="call" desc="()Lkotlin/Unit;" line="275"><counter type="INSTRUCTION" missed="0" covered="29"/><counter type="LINE" missed="0" covered="7"/><counter type="COMPLEXITY" missed="0" covered="1"/><counter type="METHOD" missed="0" covered="1"/></method><counter type="INSTRUCTION" missed="0" covered="35"/><counter type="LINE" missed="0" covered="8"/><counter type="COMPLEXITY" missed="0" covered="2"/><counter type="METHOD" missed="0" covered="2"/><counter type="CLASS" missed="0" covered="1"/></class><class name="com/github/komidawi/pizzacostcalculator/data/db/PizzaDatabaseDao_Impl$12" sourcefilename="PizzaDatabaseDao_Impl.java"><method name="&lt;init&gt;" desc="(Lcom/github/komidawi/pizzacostcalculator/data/db/PizzaDatabaseDao_Impl;Landroidx/room/RoomSQLiteQuery;)V" line="295"><counter type="INSTRUCTION" missed="9" covered="0"/><counter type="LINE" missed="1" covered="0"/><counter type="COMPLEXITY" missed="1" covered="0"/><counter type="METHOD" missed="1" covered="0"/></method><method name="call" desc="()Lcom/github/komidawi/pizzacostcalculator/data/db/PizzaEntity;" line="298"><counter type="INSTRUCTION" missed="108" covered="0"/><counter type="BRANCH" missed="4" covered="0"/><counter type="LINE" missed="26" covered="0"/><counter type="COMPLEXITY" missed="3" covered="0"/><counter type="METHOD" missed="1" covered="0"/></method><counter type="INSTRUCTION" missed="117" covered="0"/><counter type="BRANCH" missed="4" covered="0"/><counter type="LINE" missed="27" covered="0"/><counter type="COMPLEXITY" missed="4" covered="0"/><counter type="METHOD" missed="2" covered="0"/><counter type="CLASS" missed="1" covered="0"/></class><class name="com/github/komidawi/pizzacostcalculator/data/db/Migrations$MIGRATION_4_5$1" sourcefilename="Migrations.kt"><method name="migrate" desc="(Landroidx/sqlite/db/SupportSQLiteDatabase;)V" line="17"><counter type="INSTRUCTION" missed="7" covered="0"/><counter type="LINE" missed="2" covered="0"/><counter type="COMPLEXITY" missed="1" covered="0"/><counter type="METHOD" missed="1" covered="0"/></method><method name="&lt;init&gt;" desc="(II)V" line="15"><counter type="INSTRUCTION" missed="0" covered="5"/><counter type="LINE" missed="0" covered="1"/><counter type="COMPLEXITY" missed="0" covered="1"/><counter type="METHOD" missed="0" covered="1"/></method><counter type="INSTRUCTION" missed="7" covered="5"/><counter type="LINE" missed="2" covered="1"/><counter type="COMPLEXITY" missed="1" covered="1"/><counter type="METHOD" missed="1" covered="1"/><counter type="CLASS" missed="0" covered="1"/></class><class name="com/github/komidawi/pizzacostcalculator/data/db/PizzaDatabase_Impl$1" sourcefilename="PizzaDatabase_Impl.java"><method name="&lt;init&gt;" desc="(Lcom/github/komidawi/pizzacostcalculator/data/db/PizzaDatabase_Impl;I)V" line="32"><counter type="INSTRUCTION" missed="0" covered="7"/><counter type="LINE" missed="0" covered="1"/><counter type="COMPLEXITY" missed="0" covered="1"/><counter type="METHOD" missed="0" covered="1"/></method><method name="createAllTables" desc="(Landroidx/sqlite/db/SupportSQLiteDatabase;)V" line="35"><counter type="INSTRUCTION" missed="0" covered="10"/><counter type="LINE" missed="0" covered="4"/><counter type="COMPLEXITY" missed="0" covered="1"/><counter type="METHOD" missed="0" covered="1"/></method><method name="dropAllTables" desc="(Landroidx/sqlite/db/SupportSQLiteDatabase;)V" line="42"><counter type="INSTRUCTION" missed="28" covered="0"/><counter type="BRANCH" missed="4" covered="0"/><counter type="LINE" missed="5" covered="0"/><counter type="COMPLEXITY" missed="3" covered="0"/><counter type="METHOD" missed="1" covered="0"/></method><method name="onCreate" desc="(Landroidx/sqlite/db/SupportSQLiteDatabase;)V" line="52"><counter type="INSTRUCTION" missed="20" covered="5"/><counter type="BRANCH" missed="3" covered="1"/><counter type="LINE" missed="2" covered="2"/><counter type="COMPLEXITY" missed="2" covered="1"/><counter type="METHOD" missed="0" covered="1"/></method><method name="onOpen" desc="(Landroidx/sqlite/db/SupportSQLiteDatabase;)V" line="61"><counter type="INSTRUCTION" missed="20" covered="14"/><counter type="BRANCH" missed="3" covered="1"/><counter type="LINE" missed="2" covered="4"/><counter type="COMPLEXITY" missed="2" covered="1"/><counter type="METHOD" missed="0" covered="1"/></method><method name="onPreMigrate" desc="(Landroidx/sqlite/db/SupportSQLiteDatabase;)V" line="72"><counter type="INSTRUCTION" missed="3" covered="0"/><counter type="LINE" missed="2" covered="0"/><counter type="COMPLEXITY" missed="1" covered="0"/><counter type="METHOD" missed="1" covered="0"/></method><method name="onPostMigrate" desc="(Landroidx/sqlite/db/SupportSQLiteDatabase;)V" line="77"><counter type="INSTRUCTION" missed="1" covered="0"/><counter type="LINE" missed="1" covered="0"/><counter type="COMPLEXITY" missed="1" covered="0"/><counter type="METHOD" missed="1" covered="0"/></method><method name="onValidateSchema" desc="(Landroidx/sqlite/db/SupportSQLiteDatabase;)Landroidx/room/RoomOpenHelper$ValidationResult;" line="81"><counter type="INSTRUCTION" missed="158" covered="0"/><counter type="BRANCH" missed="2" covered="0"/><counter type="LINE" missed="16" covered="0"/><counter type="COMPLEXITY" missed="2" covered="0"/><counter type="METHOD" missed="1" covered="0"/></method><counter type="INSTRUCTION" missed="230" covered="36"/><counter type="BRANCH" missed="12" covered="2"/><counter type="LINE" missed="28" covered="11"/><counter type="COMPLEXITY" missed="11" covered="4"/><counter type="METHOD" missed="4" covered="4"/><counter type="CLASS" missed="0" covered="1"/></class><sourcefile name="Migrations.kt"><line nr="6" mi="0" ci="6" mb="0" cb="0"/><line nr="8" mi="0" ci="14" mb="0" cb="0"/><line nr="10" mi="3" ci="0" mb="0" cb="0"/><line nr="11" mi="3" ci="0" mb="0" cb="0"/><line nr="12" mi="1" ci="0" mb="0" cb="0"/><line nr="15" mi="0" ci="15" mb="0" cb="0"/><line nr="17" mi="3" ci="0" mb="0" cb="0"/><line nr="18" mi="1" ci="0" mb="0" cb="0"/><counter type="INSTRUCTION" missed="17" covered="35"/><counter type="LINE" missed="5" covered="3"/><counter type="COMPLEXITY" missed="2" covered="5"/><counter type="METHOD" missed="2" covered="5"/><counter type="CLASS" missed="0" covered="3"/></sourcefile><sourcefile name="PizzaEntity.kt"><line nr="14" mi="0" ci="27" mb="0" cb="0"/><line nr="16" mi="0" ci="3" mb="0" cb="0"/><line nr="18" mi="0" ci="3" mb="0" cb="0"/><line nr="20" mi="0" ci="3" mb="0" cb="0"/><line nr="22" mi="0" ci="3" mb="0" cb="0"/><line nr="24" mi="0" ci="3" mb="0" cb="0"/><line nr="27" mi="0" ci="3" mb="0" cb="0"/><line nr="29" mi="0" ci="3" mb="0" cb="0"/><line nr="32" mi="0" ci="3" mb="0" cb="0"/><line nr="36" mi="0" ci="3" mb="0" cb="0"/><line nr="37" mi="0" ci="2" mb="0" cb="0"/><line nr="38" mi="0" ci="2" mb="0" cb="0"/><line nr="39" mi="0" ci="5" mb="0" cb="0"/><line nr="40" mi="0" ci="5" mb="0" cb="0"/><line nr="41" mi="0" ci="5" mb="0" cb="0"/><line nr="42" mi="0" ci="5" mb="0" cb="0"/><line nr="43" mi="0" ci="6" mb="0" cb="0"/><line nr="44" mi="0" ci="2" mb="0" cb="0"/><line nr="45" mi="0" ci="1" mb="0" cb="0"/><line nr="48" mi="0" ci="13" mb="0" cb="0"/><counter type="INSTRUCTION" missed="0" covered="124"/><counter type="LINE" missed="0" covered="20"/><counter type="COMPLEXITY" missed="0" covered="11"/><counter type="METHOD" missed="0" covered="11"/><counter type="CLASS" missed="0" covered="2"/></sourcefile><sourcefile name="PizzaDatabaseDao.kt"/><sourcefile name="PizzaDatabaseDao_Impl.java"><line nr="42" mi="0" ci="2" mb="0" cb="0"/><line nr="43" mi="0" ci="3" mb="0" cb="0"/><line nr="44" mi="0" ci="14" mb="0" cb="0"/><line nr="47" mi="0" ci="2" mb="0" cb="0"/><line nr="52" mi="0" ci="3" mb="1" cb="1"/><line nr="53" mi="4" ci="0" mb="0" cb="0"/><line nr="55" mi="0" ci="5" mb="0" cb="0"/><line nr="57" mi="0" ci="3" mb="1" cb="1"/><line nr="58" mi="4" ci="0" mb="0" cb="0"/><line nr="60" mi="0" ci="5" mb="0" cb="0"/><line nr="62" mi="0" ci="3" mb="1" cb="1"/><line nr="63" mi="4" ci="0" mb="0" cb="0"/><line nr="65" mi="0" ci="5" mb="0" cb="0"/><line nr="67" mi="0" ci="3" mb="1" cb="1"/><line nr="68" mi="4" ci="0" mb="0" cb="0"/><line nr="70" mi="0" ci="5" mb="0" cb="0"/><line nr="72" mi="0" ci="3" mb="1" cb="1"/><line nr="73" mi="4" ci="0" mb="0" cb="0"/><line nr="75" mi="0" ci="5" mb="0" cb="0"/><line nr="77" mi="0" ci="3" mb="1" cb="1"/><line nr="78" mi="4" ci="0" mb="0" cb="0"/><line nr="80" mi="0" ci="5" mb="0" cb="0"/><line nr="82" mi="0" ci="3" mb="1" cb="1"/><line nr="83" mi="4" ci="0" mb="0" cb="0"/><line nr="85" mi="0" ci="5" mb="0" cb="0"/><line nr="87" mi="0" ci="3" mb="1" cb="1"/><line nr="88" mi="0" ci="4" mb="0" cb="0"/><line nr="90" mi="6" ci="0" mb="0" cb="0"/><line nr="92" mi="0" ci="1" mb="0" cb="0"/><line nr="94" mi="0" ci="14" mb="0" cb="0"/><line nr="97" mi="2" ci="0" mb="0" cb="0"/><line nr="102" mi="3" ci="0" mb="2" cb="0"/><line nr="103" mi="4" ci="0" mb="0" cb="0"/><line nr="105" mi="5" ci="0" mb="0" cb="0"/><line nr="107" mi="3" ci="0" mb="2" cb="0"/><line nr="108" mi="4" ci="0" mb="0" cb="0"/><line nr="110" mi="5" ci="0" mb="0" cb="0"/><line nr="112" mi="3" ci="0" mb="2" cb="0"/><line nr="113" mi="4" ci="0" mb="0" cb="0"/><line nr="115" mi="5" ci="0" mb="0" cb="0"/><line nr="117" mi="3" ci="0" mb="2" cb="0"/><line nr="118" mi="4" ci="0" mb="0" cb="0"/><line nr="120" mi="5" ci="0" mb="0" cb="0"/><line nr="122" mi="3" ci="0" mb="2" cb="0"/><line nr="123" mi="4" ci="0" mb="0" cb="0"/><line nr="125" mi="5" ci="0" mb="0" cb="0"/><line nr="127" mi="3" ci="0" mb="2" cb="0"/><line nr="128" mi="4" ci="0" mb="0" cb="0"/><line nr="130" mi="5" ci="0" mb="0" cb="0"/><line nr="132" mi="3" ci="0" mb="2" cb="0"/><line nr="133" mi="4" ci="0" mb="0" cb="0"/><line nr="135" mi="5" ci="0" mb="0" cb="0"/><line nr="137" mi="3" ci="0" mb="2" cb="0"/><line nr="138" mi="4" ci="0" mb="0" cb="0"/><line nr="140" mi="6" ci="0" mb="0" cb="0"/><line nr="142" mi="3" ci="0" mb="2" cb="0"/><line nr="143" mi="4" ci="0" mb="0" cb="0"/><line nr="145" mi="6" ci="0" mb="0" cb="0"/><line nr="147" mi="1" ci="0" mb="0" cb="0"/><line nr="149" mi="0" ci="14" mb="0" cb="0"/><line nr="152" mi="2" ci="0" mb="0" cb="0"/><line nr="153" mi="2" ci="0" mb="0" cb="0"/><line nr="156" mi="0" ci="14" mb="0" cb="0"/><line nr="159" mi="0" ci="2" mb="0" cb="0"/><line nr="160" mi="0" ci="2" mb="0" cb="0"/><line nr="163" mi="0" ci="14" mb="0" cb="0"/><line nr="166" mi="0" ci="2" mb="0" cb="0"/><line nr="167" mi="0" ci="2" mb="0" cb="0"/><line nr="170" mi="0" ci="1" mb="0" cb="0"/><line nr="174" mi="0" ci="20" mb="0" cb="0"/><line nr="177" mi="0" ci="4" mb="0" cb="0"/><line nr="179" mi="0" ci="6" mb="0" cb="0"/><line nr="180" mi="0" ci="4" mb="0" cb="0"/><line nr="181" mi="0" ci="4" mb="0" cb="0"/><line nr="183" mi="0" ci="4" mb="0" cb="0"/><line nr="192" mi="20" ci="0" mb="0" cb="0"/><line nr="195" mi="4" ci="0" mb="0" cb="0"/><line nr="197" mi="6" ci="0" mb="0" cb="0"/><line nr="198" mi="4" ci="0" mb="0" cb="0"/><line nr="199" mi="4" ci="0" mb="0" cb="0"/><line nr="201" mi="4" ci="0" mb="0" cb="0"/><line nr="209" mi="20" ci="0" mb="0" cb="0"/><line nr="212" mi="4" ci="0" mb="0" cb="0"/><line nr="214" mi="7" ci="0" mb="0" cb="0"/><line nr="215" mi="4" ci="0" mb="0" cb="0"/><line nr="216" mi="4" ci="0" mb="0" cb="0"/><line nr="218" mi="4" ci="0" mb="0" cb="0"/><line nr="226" mi="20" ci="0" mb="0" cb="0"/><line nr="229" mi="5" ci="0" mb="0" cb="0"/><line nr="230" mi="2" ci="0" mb="0" cb="0"/><line nr="231" mi="5" ci="0" mb="0" cb="0"/><line nr="232" mi="4" ci="0" mb="0" cb="0"/><line nr="234" mi="3" ci="0" mb="0" cb="0"/><line nr="235" mi="4" ci="0" mb="0" cb="0"/><line nr="236" mi="4" ci="0" mb="0" cb="0"/><line nr="238" mi="4" ci="0" mb="0" cb="0"/><line nr="239" mi="5" ci="0" mb="0" cb="0"/><line nr="247" mi="0" ci="20" mb="0" cb="0"/><line nr="250" mi="0" ci="5" mb="0" cb="0"/><line nr="251" mi="0" ci="2" mb="0" cb="0"/><line nr="252" mi="0" ci="3" mb="1" cb="1"/><line nr="253" mi="4" ci="0" mb="0" cb="0"/><line nr="255" mi="0" ci="5" mb="0" cb="0"/><line nr="257" mi="0" ci="4" mb="0" cb="0"/><line nr="259" mi="0" ci="3" mb="0" cb="0"/><line nr="260" mi="0" ci="4" mb="0" cb="0"/><line nr="261" mi="0" ci="4" mb="0" cb="0"/><line nr="263" mi="0" ci="4" mb="0" cb="0"/><line nr="264" mi="0" ci="5" mb="0" cb="0"/><line nr="272" mi="0" ci="16" mb="0" cb="0"/><line nr="275" mi="0" ci="5" mb="0" cb="0"/><line nr="276" mi="0" ci="4" mb="0" cb="0"/><line nr="278" mi="0" ci="3" mb="0" cb="0"/><line nr="279" mi="0" ci="4" mb="0" cb="0"/><line nr="280" mi="0" ci="4" mb="0" cb="0"/><line nr="282" mi="0" ci="4" mb="0" cb="0"/><line nr="283" mi="0" ci="5" mb="0" cb="0"/><line nr="291" mi="2" ci="0" mb="0" cb="0"/><line nr="292" mi="4" ci="0" mb="0" cb="0"/><line nr="293" mi="2" ci="0" mb="0" cb="0"/><line nr="294" mi="4" ci="0" mb="0" cb="0"/><line nr="295" mi="20" ci="0" mb="0" cb="0"/><line nr="298" mi="9" ci="0" mb="0" cb="0"/><line nr="300" mi="4" ci="0" mb="0" cb="0"/><line nr="301" mi="4" ci="0" mb="0" cb="0"/><line nr="302" mi="4" ci="0" mb="0" cb="0"/><line nr="303" mi="4" ci="0" mb="0" cb="0"/><line nr="304" mi="4" ci="0" mb="0" cb="0"/><line nr="305" mi="4" ci="0" mb="0" cb="0"/><line nr="306" mi="4" ci="0" mb="0" cb="0"/><line nr="307" mi="4" ci="0" mb="0" cb="0"/><line nr="309" mi="3" ci="0" mb="2" cb="0"/><line nr="311" mi="4" ci="0" mb="0" cb="0"/><line nr="313" mi="4" ci="0" mb="0" cb="0"/><line nr="315" mi="4" ci="0" mb="0" cb="0"/><line nr="317" mi="4" ci="0" mb="0" cb="0"/><line nr="319" mi="4" ci="0" mb="0" cb="0"/><line nr="321" mi="4" ci="0" mb="0" cb="0"/><line nr="323" mi="4" ci="0" mb="0" cb="0"/><line nr="325" mi="4" ci="0" mb="2" cb="0"/><line nr="326" mi="3" ci="0" mb="0" cb="0"/><line nr="328" mi="5" ci="0" mb="0" cb="0"/><line nr="330" mi="12" ci="0" mb="0" cb="0"/><line nr="331" mi="1" ci="0" mb="0" cb="0"/><line nr="332" mi="2" ci="0" mb="0" cb="0"/><line nr="334" mi="4" ci="0" mb="0" cb="0"/><line nr="336" mi="2" ci="0" mb="0" cb="0"/><line nr="337" mi="3" ci="0" mb="0" cb="0"/><line nr="345" mi="0" ci="2" mb="0" cb="0"/><line nr="346" mi="0" ci="4" mb="0" cb="0"/><line nr="347" mi="0" ci="2" mb="0" cb="0"/><line nr="348" mi="0" ci="2" mb="1" cb="1"/><line nr="349" mi="4" ci="0" mb="0" cb="0"/><line nr="351" mi="0" ci="4" mb="0" cb="0"/><line nr="353" mi="0" ci="20" mb="0" cb="0"/><line nr="356" mi="0" ci="9" mb="0" cb="0"/><line nr="358" mi="0" ci="4" mb="0" cb="0"/><line nr="359" mi="0" ci="4" mb="0" cb="0"/><line nr="360" mi="0" ci="4" mb="0" cb="0"/><line nr="361" mi="0" ci="4" mb="0" cb="0"/><line nr="362" mi="0" ci="4" mb="0" cb="0"/><line nr="363" mi="0" ci="4" mb="0" cb="0"/><line nr="364" mi="0" ci="4" mb="0" cb="0"/><line nr="365" mi="0" ci="4" mb="0" cb="0"/><line nr="367" mi="0" ci="3" mb="0" cb="2"/><line nr="369" mi="0" ci="4" mb="0" cb="0"/><line nr="371" mi="0" ci="4" mb="0" cb="0"/><line nr="373" mi="0" ci="4" mb="0" cb="0"/><line nr="375" mi="0" ci="4" mb="0" cb="0"/><line nr="377" mi="0" ci="4" mb="0" cb="0"/><line nr="379" mi="0" ci="4" mb="0" cb="0"/><line nr="381" mi="0" ci="4" mb="0" cb="0"/><line nr="383" mi="0" ci="4" mb="1" cb="1"/><line nr="384" mi="3" ci="0" mb="0" cb="0"/><line nr="386" mi="0" ci="5" mb="0" cb="0"/><line nr="388" mi="0" ci="12" mb="0" cb="0"/><line nr="389" mi="0" ci="1" mb="0" cb="0"/><line nr="390" mi="0" ci="2" mb="0" cb="0"/><line nr="392" mi="0" ci="4" mb="0" cb="0"/><line nr="394" mi="0" ci="2" mb="0" cb="0"/><line nr="395" mi="0" ci="3" mb="0" cb="0"/><line nr="403" mi="0" ci="2" mb="0" cb="0"/><line nr="404" mi="0" ci="4" mb="0" cb="0"/><line nr="405" mi="0" ci="26" mb="0" cb="0"/><line nr="408" mi="0" ci="9" mb="0" cb="0"/><line nr="410" mi="0" ci="4" mb="0" cb="0"/><line nr="411" mi="0" ci="4" mb="0" cb="0"/><line nr="412" mi="0" ci="4" mb="0" cb="0"/><line nr="413" mi="0" ci="4" mb="0" cb="0"/><line nr="414" mi="0" ci="4" mb="0" cb="0"/><line nr="415" mi="0" ci="4" mb="0" cb="0"/><line nr="416" mi="0" ci="4" mb="0" cb="0"/><line nr="417" mi="0" ci="4" mb="0" cb="0"/><line nr="418" mi="0" ci="6" mb="0" cb="0"/><line nr="419" mi="0" ci="3" mb="0" cb="2"/><line nr="422" mi="0" ci="4" mb="0" cb="0"/><line nr="424" mi="0" ci="4" mb="0" cb="0"/><line nr="426" mi="0" ci="4" mb="0" cb="0"/><line nr="428" mi="0" ci="4" mb="0" cb="0"/><line nr="430" mi="0" ci="4" mb="0" cb="0"/><line nr="432" mi="0" ci="4" mb="0" cb="0"/><line nr="434" mi="0" ci="4" mb="0" cb="0"/><line nr="436" mi="0" ci="4" mb="1" cb="1"/><line nr="437" mi="3" ci="0" mb="0" cb="0"/><line nr="439" mi="0" ci="5" mb="0" cb="0"/><line nr="441" mi="0" ci="12" mb="0" cb="0"/><line nr="442" mi="0" ci="4" mb="0" cb="0"/><line nr="443" mi="0" ci="1" mb="0" cb="0"/><line nr="444" mi="0" ci="4" mb="0" cb="0"/><line nr="446" mi="0" ci="2" mb="0" cb="0"/><line nr="452" mi="0" ci="3" mb="0" cb="0"/><line nr="453" mi="0" ci="1" mb="0" cb="0"/><counter type="INSTRUCTION" missed="446" covered="581"/><counter type="BRANCH" missed="34" covered="16"/><counter type="LINE" missed="96" covered="116"/><counter type="COMPLEXITY" missed="38" covered="28"/><counter type="METHOD" missed="15" covered="26"/><counter type="CLASS" missed="4" covered="11"/></sourcefile><sourcefile name="PizzaDatabase.kt"><line nr="7" mi="0" ci="3" mb="0" cb="0"/><counter type="INSTRUCTION" missed="0" covered="3"/><counter type="LINE" missed="0" covered="1"/><counter type="COMPLEXITY" missed="0" covered="1"/><counter type="METHOD" missed="0" covered="1"/><counter type="CLASS" missed="0" covered="1"/></sourcefile><sourcefile name="PizzaDatabase_Impl.java"><line nr="27" mi="0" ci="3" mb="0" cb="0"/><line nr="32" mi="0" ci="19" mb="0" cb="0"/><line nr="35" mi="0" ci="3" mb="0" cb="0"/><line nr="36" mi="0" ci="3" mb="0" cb="0"/><line nr="37" mi="0" ci="3" mb="0" cb="0"/><line nr="38" mi="0" ci="1" mb="0" cb="0"/><line nr="42" mi="3" ci="0" mb="0" cb="0"/><line nr="43" mi="4" ci="0" mb="2" cb="0"/><line nr="44" mi="12" ci="0" mb="2" cb="0"/><line nr="45" mi="8" ci="0" mb="0" cb="0"/><line nr="48" mi="1" ci="0" mb="0" cb="0"/><line nr="52" mi="0" ci="4" mb="1" cb="1"/><line nr="53" mi="12" ci="0" mb="2" cb="0"/><line nr="54" mi="8" ci="0" mb="0" cb="0"/><line nr="57" mi="0" ci="1" mb="0" cb="0"/><line nr="61" mi="0" ci="5" mb="0" cb="0"/><line nr="62" mi="0" ci="4" mb="0" cb="0"/><line nr="63" mi="0" ci="4" mb="1" cb="1"/><line nr="64" mi="12" ci="0" mb="2" cb="0"/><line nr="65" mi="8" ci="0" mb="0" cb="0"/><line nr="68" mi="0" ci="1" mb="0" cb="0"/><line nr="72" mi="2" ci="0" mb="0" cb="0"/><line nr="73" mi="1" ci="0" mb="0" cb="0"/><line nr="77" mi="1" ci="0" mb="0" cb="0"/><line nr="81" mi="5" ci="0" mb="0" cb="0"/><line nr="82" mi="13" ci="0" mb="0" cb="0"/><line nr="83" mi="13" ci="0" mb="0" cb="0"/><line nr="84" mi="13" ci="0" mb="0" cb="0"/><line nr="85" mi="13" ci="0" mb="0" cb="0"/><line nr="86" mi="13" ci="0" mb="0" cb="0"/><line nr="87" mi="13" ci="0" mb="0" cb="0"/><line nr="88" mi="13" ci="0" mb="0" cb="0"/><line nr="89" mi="13" ci="0" mb="0" cb="0"/><line nr="90" mi="5" ci="0" mb="0" cb="0"/><line nr="91" mi="5" ci="0" mb="0" cb="0"/><line nr="92" mi="8" ci="0" mb="0" cb="0"/><line nr="93" mi="4" ci="0" mb="0" cb="0"/><line nr="94" mi="4" ci="0" mb="2" cb="0"/><line nr="95" mi="17" ci="0" mb="0" cb="0"/><line nr="99" mi="6" ci="0" mb="0" cb="0"/><line nr="102" mi="0" ci="5" mb="0" cb="0"/><line nr="103" mi="0" ci="2" mb="0" cb="0"/><line nr="104" mi="0" ci="1" mb="0" cb="0"/><line nr="105" mi="0" ci="2" mb="0" cb="0"/><line nr="106" mi="0" ci="5" mb="0" cb="0"/><line nr="107" mi="0" ci="2" mb="0" cb="0"/><line nr="112" mi="0" ci="5" mb="0" cb="0"/><line nr="113" mi="0" ci="5" mb="0" cb="0"/><line nr="114" mi="0" ci="13" mb="0" cb="0"/><line nr="119" mi="0" ci="2" mb="0" cb="0"/><line nr="120" mi="0" ci="4" mb="0" cb="0"/><line nr="122" mi="0" ci="2" mb="0" cb="0"/><line nr="123" mi="0" ci="3" mb="0" cb="0"/><line nr="124" mi="0" ci="2" mb="0" cb="0"/><line nr="126" mi="0" ci="2" mb="0" cb="0"/><line nr="127" mi="0" ci="4" mb="0" cb="0"/><line nr="128" mi="0" ci="3" mb="1" cb="1"/><line nr="129" mi="0" ci="3" mb="0" cb="0"/><line nr="132" mi="0" ci="1" mb="0" cb="0"/><line nr="136" mi="0" ci="3" mb="0" cb="2"/><line nr="137" mi="0" ci="3" mb="0" cb="0"/><line nr="139" mi="0" ci="4" mb="0" cb="0"/><line nr="140" mi="0" ci="3" mb="1" cb="1"/><line nr="141" mi="0" ci="6" mb="0" cb="0"/><line nr="143" mi="0" ci="5" mb="0" cb="0"/><counter type="INSTRUCTION" missed="230" covered="141"/><counter type="BRANCH" missed="14" covered="6"/><counter type="LINE" missed="28" covered="37"/><counter type="COMPLEXITY" missed="13" covered="10"/><counter type="METHOD" missed="4" covered="9"/><counter type="CLASS" missed="0" covered="2"/></sourcefile><counter type="INSTRUCTION" missed="693" covered="884"/><counter type="BRANCH" missed="48" covered="22"/><counter type="LINE" missed="129" covered="177"/><counter type="COMPLEXITY" missed="53" covered="55"/><counter type="METHOD" missed="21" covered="52"/><counter type="CLASS" missed="4" covered="19"/></package><package name="com/github/komidawi/pizzacostcalculator/screen/list"><class name="com/github/komidawi/pizzacostcalculator/screen/list/PizzaListAdapter$$special$$inlined$sortedByDescending$1" sourcefilename="Comparisons.kt"><method name="compare" desc="(Ljava/lang/Object;Ljava/lang/Object;)I" line="121"><counter type="INSTRUCTION" missed="8" covered="0"/><counter type="LINE" missed="1" covered="0"/><counter type="COMPLEXITY" missed="1" covered="0"/><counter type="METHOD" missed="1" covered="0"/></method><counter type="INSTRUCTION" missed="8" covered="0"/><counter type="LINE" missed="1" covered="0"/><counter type="COMPLEXITY" missed="1" covered="0"/><counter type="METHOD" missed="1" covered="0"/><counter type="CLASS" missed="1" covered="0"/></class><class name="com/github/komidawi/pizzacostcalculator/screen/list/PizzaListAdapter$$special$$inlined$sortedByDescending$2" sourcefilename="Comparisons.kt"><method name="compare" desc="(Ljava/lang/Object;Ljava/lang/Object;)I" line="121"><counter type="INSTRUCTION" missed="8" covered="0"/><counter type="LINE" missed="1" covered="0"/><counter type="COMPLEXITY" missed="1" covered="0"/><counter type="METHOD" missed="1" covered="0"/></method><counter type="INSTRUCTION" missed="8" covered="0"/><counter type="LINE" missed="1" covered="0"/><counter type="COMPLEXITY" missed="1" covered="0"/><counter type="METHOD" missed="1" covered="0"/><counter type="CLASS" missed="1" covered="0"/></class><class name="com/github/komidawi/pizzacostcalculator/screen/list/PizzaListFragmentViewModel$onRemove$1$1" sourcefilename="PizzaListFragmentViewModel.kt"><method name="invokeSuspend" desc="(Ljava/lang/Object;)Ljava/lang/Object;" line="21"><counter type="INSTRUCTION" missed="5" covered="31"/><counter type="BRANCH" missed="1" covered="4"/><counter type="LINE" missed="0" covered="3"/><counter type="COMPLEXITY" missed="1" covered="3"/><counter type="METHOD" missed="0" covered="1"/></method><counter type="INSTRUCTION" missed="5" covered="31"/><counter type="BRANCH" missed="1" covered="4"/><counter type="LINE" missed="0" covered="3"/><counter type="COMPLEXITY" missed="1" covered="3"/><counter type="METHOD" missed="0" covered="1"/><counter type="CLASS" missed="0" covered="1"/></class><class name="com/github/komidawi/pizzacostcalculator/screen/list/PizzaItemListener" sourcefilename="PizzaListAdapter.kt"><method name="onClick" desc="(Lcom/github/komidawi/pizzacostcalculator/domain/Pizza;)V" line="71"><counter type="INSTRUCTION" missed="9" covered="0"/><counter type="LINE" missed="1" covered="0"/><counter type="COMPLEXITY" missed="1" covered="0"/><counter type="METHOD" missed="1" covered="0"/></method><method name="getClickListener" desc="()Lkotlin/jvm/functions/Function1;" line="70"><counter type="INSTRUCTION" missed="3" covered="0"/><counter type="LINE" missed="1" covered="0"/><counter type="COMPLEXITY" missed="1" covered="0"/><counter type="METHOD" missed="1" covered="0"/></method><method name="&lt;init&gt;" desc="(Lkotlin/jvm/functions/Function1;)V" line="70"><counter type="INSTRUCTION" missed="0" covered="9"/><counter type="LINE" missed="0" covered="1"/><counter type="COMPLEXITY" missed="0" covered="1"/><counter type="METHOD" missed="0" covered="1"/></method><counter type="INSTRUCTION" missed="12" covered="9"/><counter type="LINE" missed="1" covered="1"/><counter type="COMPLEXITY" missed="2" covered="1"/><counter type="METHOD" missed="2" covered="1"/><counter type="CLASS" missed="0" covered="1"/></class><class name="com/github/komidawi/pizzacostcalculator/screen/list/PizzaListFragment$setupRecyclerView$clickListener$1" sourcefilename="PizzaListFragment.kt"><method name="invoke" desc="(Lcom/github/komidawi/pizzacostcalculator/domain/Pizza;)V" line="46"><counter type="INSTRUCTION" missed="13" covered="0"/><counter type="LINE" missed="2" covered="0"/><counter type="COMPLEXITY" missed="1" covered="0"/><counter type="METHOD" missed="1" covered="0"/></method><counter type="INSTRUCTION" missed="13" covered="0"/><counter type="LINE" missed="2" covered="0"/><counter type="COMPLEXITY" missed="1" covered="0"/><counter type="METHOD" missed="1" covered="0"/><counter type="CLASS" missed="1" covered="0"/></class><class name="com/github/komidawi/pizzacostcalculator/screen/list/BindingAdaptersKt" sourcefilename="BindingAdapters.kt"><method name="setPizzaPizzeriaDisplay" desc="(Landroid/widget/TextView;Lcom/github/komidawi/pizzacostcalculator/domain/Pizza;)V" line="18"><counter type="INSTRUCTION" missed="1" covered="20"/><counter type="BRANCH" missed="1" covered="1"/><counter type="LINE" missed="0" covered="2"/><counter type="COMPLEXITY" missed="1" covered="1"/><counter type="METHOD" missed="0" covered="1"/></method><method name="setPizzaNameDisplay" desc="(Landroid/widget/TextView;Lcom/github/komidawi/pizzacostcalculator/domain/Pizza;)V" line="23"><counter type="INSTRUCTION" missed="1" covered="20"/><counter type="BRANCH" missed="1" covered="1"/><counter type="LINE" missed="0" covered="2"/><counter type="COMPLEXITY" missed="1" covered="1"/><counter type="METHOD" missed="0" covered="1"/></method><method name="setPizzaSizeDisplay" desc="(Landroid/widget/TextView;Lcom/github/komidawi/pizzacostcalculator/domain/Pizza;)V" line="28"><counter type="INSTRUCTION" missed="1" covered="43"/><counter type="BRANCH" missed="1" covered="1"/><counter type="LINE" missed="0" covered="2"/><counter type="COMPLEXITY" missed="1" covered="1"/><counter type="METHOD" missed="0" covered="1"/></method><method name="setPizzaPriceDisplay" desc="(Landroid/widget/TextView;Lcom/github/komidawi/pizzacostcalculator/domain/Pizza;)V" line="33"><counter type="INSTRUCTION" missed="1" covered="43"/><counter type="BRANCH" missed="1" covered="1"/><counter type="LINE" missed="0" covered="2"/><counter type="COMPLEXITY" missed="1" covered="1"/><counter type="METHOD" missed="0" covered="1"/></method><method name="setPizzaDeliveryCostDisplay" desc="(Landroid/widget/TextView;Lcom/github/komidawi/pizzacostcalculator/domain/Pizza;)V" line="38"><counter type="INSTRUCTION" missed="1" covered="43"/><counter type="BRANCH" missed="1" covered="1"/><counter type="LINE" missed="0" covered="2"/><counter type="COMPLEXITY" missed="1" covered="1"/><counter type="METHOD" missed="0" covered="1"/></method><method name="setPizzaTotalCostDisplay" desc="(Landroid/widget/TextView;Lcom/github/komidawi/pizzacostcalculator/domain/Pizza;)V" line="43"><counter type="INSTRUCTION" missed="1" covered="42"/><counter type="BRANCH" missed="1" covered="1"/><counter type="LINE" missed="0" covered="2"/><counter type="COMPLEXITY" missed="1" covered="1"/><counter type="METHOD" missed="0" covered="1"/></method><method name="setListPizzaRatioDisplay" desc="(Landroid/widget/TextView;Lcom/github/komidawi/pizzacostcalculator/domain/Pizza;)V" line="48"><counter type="INSTRUCTION" missed="1" covered="55"/><counter type="BRANCH" missed="1" covered="1"/><counter type="LINE" missed="0" covered="7"/><counter type="COMPLEXITY" missed="1" covered="1"/><counter type="METHOD" missed="0" covered="1"/></method><method name="&lt;clinit&gt;" desc="()V" line="14"><counter type="INSTRUCTION" missed="0" covered="6"/><counter type="LINE" missed="0" covered="1"/><counter type="COMPLEXITY" missed="0" covered="1"/><counter type="METHOD" missed="0" covered="1"/></method><counter type="INSTRUCTION" missed="7" covered="272"/><counter type="BRANCH" missed="7" covered="7"/><counter type="LINE" missed="0" covered="20"/><counter type="COMPLEXITY" missed="7" covered="8"/><counter type="METHOD" missed="0" covered="8"/><counter type="CLASS" missed="0" covered="1"/></class><class name="com/github/komidawi/pizzacostcalculator/screen/list/SortingMode" sourcefilename="SortingMode.kt"><method name="getStringResource" desc="(Landroid/content/Context;)Ljava/lang/String;" line="25"><counter type="INSTRUCTION" missed="2" covered="27"/><counter type="BRANCH" missed="1" covered="1"/><counter type="LINE" missed="0" covered="3"/><counter type="COMPLEXITY" missed="1" covered="1"/><counter type="METHOD" missed="0" covered="1"/></method><counter type="INSTRUCTION" missed="2" covered="27"/><counter type="BRANCH" missed="1" covered="1"/><counter type="LINE" missed="0" covered="3"/><counter type="COMPLEXITY" missed="1" covered="1"/><counter type="METHOD" missed="0" covered="1"/><counter type="CLASS" missed="0" covered="1"/></class><class name="com/github/komidawi/pizzacostcalculator/screen/list/PizzaListFragmentDirections$Companion" sourcefilename="PizzaListFragmentDirections.kt"><method name="actionPizzaListFragmentToAddPizzaFragment" desc="()Landroidx/navigation/NavDirections;" line="10"><counter type="INSTRUCTION" missed="0" covered="6"/><counter type="LINE" missed="0" covered="1"/><counter type="COMPLEXITY" missed="0" covered="1"/><counter type="METHOD" missed="0" covered="1"/></method><counter type="INSTRUCTION" missed="0" covered="6"/><counter type="LINE" missed="0" covered="1"/><counter type="COMPLEXITY" missed="0" covered="1"/><counter type="METHOD" missed="0" covered="1"/><counter type="CLASS" missed="0" covered="1"/></class><class name="com/github/komidawi/pizzacostcalculator/screen/list/PizzaListAdapter$$special$$inlined$sortedBy$1" sourcefilename="Comparisons.kt"><method name="compare" desc="(Ljava/lang/Object;Ljava/lang/Object;)I" line="102"><counter type="INSTRUCTION" missed="8" covered="0"/><counter type="LINE" missed="1" covered="0"/><counter type="COMPLEXITY" missed="1" covered="0"/><counter type="METHOD" missed="1" covered="0"/></method><counter type="INSTRUCTION" missed="8" covered="0"/><counter type="LINE" missed="1" covered="0"/><counter type="COMPLEXITY" missed="1" covered="0"/><counter type="METHOD" missed="1" covered="0"/><counter type="CLASS" missed="1" covered="0"/></class><class name="com/github/komidawi/pizzacostcalculator/screen/list/PizzaListAdapter$$special$$inlined$sortedBy$2" sourcefilename="Comparisons.kt"><method name="compare" desc="(Ljava/lang/Object;Ljava/lang/Object;)I" line="102"><counter type="INSTRUCTION" missed="8" covered="0"/><counter type="LINE" missed="1" covered="0"/><counter type="COMPLEXITY" missed="1" covered="0"/><counter type="METHOD" missed="1" covered="0"/></method><counter type="INSTRUCTION" missed="8" covered="0"/><counter type="LINE" missed="1" covered="0"/><counter type="COMPLEXITY" missed="1" covered="0"/><counter type="METHOD" missed="1" covered="0"/><counter type="CLASS" missed="1" covered="0"/></class><class name="com/github/komidawi/pizzacostcalculator/screen/list/PizzaListAdapter" sourcefilename="PizzaListAdapter.kt"><method name="onCreateViewHolder" desc="(Landroid/view/ViewGroup;I)Lcom/github/komidawi/pizzacostcalculator/screen/list/PizzaListAdapter$PizzaItemViewHolder;" line="18"><counter type="INSTRUCTION" missed="0" covered="7"/><counter type="LINE" missed="0" covered="1"/><counter type="COMPLEXITY" missed="0" covered="1"/><counter type="METHOD" missed="0" covered="1"/></method><method name="onBindViewHolder" desc="(Lcom/github/komidawi/pizzacostcalculator/screen/list/PizzaListAdapter$PizzaItemViewHolder;I)V" line="21"><counter type="INSTRUCTION" missed="0" covered="19"/><counter type="LINE" missed="0" covered="3"/><counter type="COMPLEXITY" missed="0" covered="1"/><counter type="METHOD" missed="0" covered="1"/></method><method name="sortAndSubmitList" desc="(Ljava/util/List;Lcom/github/komidawi/pizzacostcalculator/screen/list/SortingMode;)V" line="27"><counter type="INSTRUCTION" missed="19" covered="33"/><counter type="BRANCH" missed="5" covered="4"/><counter type="LINE" missed="4" covered="5"/><counter type="COMPLEXITY" missed="5" covered="2"/><counter type="METHOD" missed="0" covered="1"/></method><method name="&lt;init&gt;" desc="(Lcom/github/komidawi/pizzacostcalculator/screen/list/PizzaItemListener;Lcom/github/komidawi/pizzacostcalculator/screen/list/PizzaListFragmentViewModel;)V" line="11"><counter type="INSTRUCTION" missed="0" covered="19"/><counter type="LINE" missed="0" covered="2"/><counter type="COMPLEXITY" missed="0" covered="1"/><counter type="METHOD" missed="0" covered="1"/></method><counter type="INSTRUCTION" missed="19" covered="78"/><counter type="BRANCH" missed="5" covered="4"/><counter type="LINE" missed="4" covered="11"/><counter type="COMPLEXITY" missed="5" covered="5"/><counter type="METHOD" missed="0" covered="4"/><counter type="CLASS" missed="0" covered="1"/></class><class name="com/github/komidawi/pizzacostcalculator/screen/list/PizzaListFragmentViewModel$onRemove$1" sourcefilename="PizzaListFragmentViewModel.kt"><method name="invokeSuspend" desc="(Ljava/lang/Object;)Ljava/lang/Object;" line="20"><counter type="INSTRUCTION" missed="5" covered="33"/><counter type="BRANCH" missed="2" covered="3"/><counter type="LINE" missed="0" covered="3"/><counter type="COMPLEXITY" missed="2" covered="2"/><counter type="METHOD" missed="0" covered="1"/></method><counter type="INSTRUCTION" missed="5" covered="33"/><counter type="BRANCH" missed="2" covered="3"/><counter type="LINE" missed="0" covered="3"/><counter type="COMPLEXITY" missed="2" covered="2"/><counter type="METHOD" missed="0" covered="1"/><counter type="CLASS" missed="0" covered="1"/></class><class name="com/github/komidawi/pizzacostcalculator/screen/list/PizzaListFragment" sourcefilename="PizzaListFragment.kt"><method name="onCreateView" desc="(Landroid/view/LayoutInflater;Landroid/view/ViewGroup;Landroid/os/Bundle;)Landroid/view/View;" line="27"><counter type="INSTRUCTION" missed="5" covered="64"/><counter type="BRANCH" missed="1" covered="1"/><counter type="LINE" missed="0" covered="10"/><counter type="COMPLEXITY" missed="1" covered="1"/><counter type="METHOD" missed="0" covered="1"/></method><method name="setupRecyclerView" desc="()V" line="45"><counter type="INSTRUCTION" missed="0" covered="65"/><counter type="LINE" missed="0" covered="8"/><counter type="COMPLEXITY" missed="0" covered="1"/><counter type="METHOD" missed="0" covered="1"/></method><method name="setupSortingModeSpinner" desc="(Landroid/content/Context;)V" line="59"><counter type="INSTRUCTION" missed="0" covered="31"/><counter type="LINE" missed="0" covered="5"/><counter type="COMPLEXITY" missed="0" covered="1"/><counter type="METHOD" missed="0" covered="1"/></method><method name="createSpinnerAdapter" desc="(Landroid/content/Context;)Landroid/widget/ArrayAdapter;" line="66"><counter type="INSTRUCTION" missed="0" covered="41"/><counter type="LINE" missed="0" covered="7"/><counter type="COMPLEXITY" missed="0" covered="1"/><counter type="METHOD" missed="0" covered="1"/></method><method name="updateList" desc="()V" line="75"><counter type="INSTRUCTION" missed="0" covered="21"/><counter type="LINE" missed="0" covered="4"/><counter type="COMPLEXITY" missed="0" covered="1"/><counter type="METHOD" missed="0" covered="1"/></method><method name="setupFabOnClickListener" desc="()V" line="82"><counter type="INSTRUCTION" missed="0" covered="8"/><counter type="LINE" missed="0" covered="2"/><counter type="COMPLEXITY" missed="0" covered="1"/><counter type="METHOD" missed="0" covered="1"/></method><method name="&lt;init&gt;" desc="()V" line="17"><counter type="INSTRUCTION" missed="0" covered="3"/><counter type="LINE" missed="0" covered="1"/><counter type="COMPLEXITY" missed="0" covered="1"/><counter type="METHOD" missed="0" covered="1"/></method><counter type="INSTRUCTION" missed="5" covered="233"/><counter type="BRANCH" missed="1" covered="1"/><counter type="LINE" missed="0" covered="37"/><counter type="COMPLEXITY" missed="1" covered="7"/><counter type="METHOD" missed="0" covered="7"/><counter type="CLASS" missed="0" covered="1"/></class><class name="com/github/komidawi/pizzacostcalculator/screen/list/PizzaListFragment$setupFabOnClickListener$1" sourcefilename="PizzaListFragment.kt"><method name="onClick" desc="(Landroid/view/View;)V" line="83"><counter type="INSTRUCTION" missed="0" covered="9"/><counter type="LINE" missed="0" covered="3"/><counter type="COMPLEXITY" missed="0" covered="1"/><counter type="METHOD" missed="0" covered="1"/></method><counter type="INSTRUCTION" missed="0" covered="9"/><counter type="LINE" missed="0" covered="3"/><counter type="COMPLEXITY" missed="0" covered="1"/><counter type="METHOD" missed="0" covered="1"/><counter type="CLASS" missed="0" covered="1"/></class><class name="com/github/komidawi/pizzacostcalculator/screen/list/PizzaListAdapter$PizzaItemViewHolder" sourcefilename="PizzaListAdapter.kt"><method name="bind" desc="(Lcom/github/komidawi/pizzacostcalculator/screen/list/PizzaItemListener;Lcom/github/komidawi/pizzacostcalculator/domain/Pizza;Lcom/github/komidawi/pizzacostcalculator/screen/list/PizzaListFragmentViewModel;)V" line="47"><counter type="INSTRUCTION" missed="0" covered="25"/><counter type="LINE" missed="0" covered="5"/><counter type="COMPLEXITY" missed="0" covered="1"/><counter type="METHOD" missed="0" covered="1"/></method><method name="&lt;init&gt;" desc="(Lcom/github/komidawi/pizzacostcalculator/databinding/ListItemPizzaElementBinding;)V" line="39"><counter type="INSTRUCTION" missed="0" covered="8"/><counter type="LINE" missed="0" covered="2"/><counter type="COMPLEXITY" missed="0" covered="1"/><counter type="METHOD" missed="0" covered="1"/></method><counter type="INSTRUCTION" missed="0" covered="33"/><counter type="LINE" missed="0" covered="7"/><counter type="COMPLEXITY" missed="0" covered="2"/><counter type="METHOD" missed="0" covered="2"/><counter type="CLASS" missed="0" covered="1"/></class><class name="com/github/komidawi/pizzacostcalculator/screen/list/PizzaListFragment$SortingModeSpinnerListener" sourcefilename="PizzaListFragment.kt"><method name="onItemSelected" desc="(Landroid/widget/AdapterView;Landroid/view/View;IJ)V" line="92"><counter type="INSTRUCTION" missed="0" covered="8"/><counter type="LINE" missed="0" covered="2"/><counter type="COMPLEXITY" missed="0" covered="1"/><counter type="METHOD" missed="0" covered="1"/></method><method name="onNothingSelected" desc="(Landroid/widget/AdapterView;)V" line="95"><counter type="INSTRUCTION" missed="1" covered="0"/><counter type="LINE" missed="1" covered="0"/><counter type="COMPLEXITY" missed="1" covered="0"/><counter type="METHOD" missed="1" covered="0"/></method><method name="&lt;init&gt;" desc="(Lcom/github/komidawi/pizzacostcalculator/screen/list/PizzaListFragmentViewModel;)V" line="88"><counter type="INSTRUCTION" missed="0" covered="9"/><counter type="LINE" missed="0" covered="1"/><counter type="COMPLEXITY" missed="0" covered="1"/><counter type="METHOD" missed="0" covered="1"/></method><counter type="INSTRUCTION" missed="1" covered="17"/><counter type="LINE" missed="1" covered="3"/><counter type="COMPLEXITY" missed="1" covered="2"/><counter type="METHOD" missed="1" covered="2"/><counter type="CLASS" missed="0" covered="1"/></class><class name="com/github/komidawi/pizzacostcalculator/screen/list/PizzaListFragment$setupRecyclerView$$inlined$apply$lambda$1" sourcefilename="PizzaListFragment.kt"><method name="onChanged" desc="(Ljava/util/List;)V" line="53"><counter type="INSTRUCTION" missed="0" covered="4"/><counter type="LINE" missed="0" covered="1"/><counter type="COMPLEXITY" missed="0" covered="1"/><counter type="METHOD" missed="0" covered="1"/></method><counter type="INSTRUCTION" missed="0" covered="4"/><counter type="LINE" missed="0" covered="1"/><counter type="COMPLEXITY" missed="0" covered="1"/><counter type="METHOD" missed="0" covered="1"/><counter type="CLASS" missed="0" covered="1"/></class><class name="com/github/komidawi/pizzacostcalculator/screen/list/PizzaListFragment$setupRecyclerView$$inlined$apply$lambda$2" sourcefilename="PizzaListFragment.kt"><method name="onChanged" desc="(Lcom/github/komidawi/pizzacostcalculator/screen/list/SortingMode;)V" line="54"><counter type="INSTRUCTION" missed="0" covered="4"/><counter type="LINE" missed="0" covered="1"/><counter type="COMPLEXITY" missed="0" covered="1"/><counter type="METHOD" missed="0" covered="1"/></method><counter type="INSTRUCTION" missed="0" covered="4"/><counter type="LINE" missed="0" covered="1"/><counter type="COMPLEXITY" missed="0" covered="1"/><counter type="METHOD" missed="0" covered="1"/><counter type="CLASS" missed="0" covered="1"/></class><class name="com/github/komidawi/pizzacostcalculator/screen/list/PizzaListAdapter$PizzaItemViewHolder$Companion" sourcefilename="PizzaListAdapter.kt"><method name="from" desc="(Landroid/view/ViewGroup;)Lcom/github/komidawi/pizzacostcalculator/screen/list/PizzaListAdapter$PizzaItemViewHolder;" line="55"><counter type="INSTRUCTION" missed="0" covered="21"/><counter type="LINE" missed="0" covered="3"/><counter type="COMPLEXITY" missed="0" covered="1"/><counter type="METHOD" missed="0" covered="1"/></method><counter type="INSTRUCTION" missed="0" covered="21"/><counter type="LINE" missed="0" covered="3"/><counter type="COMPLEXITY" missed="0" covered="1"/><counter type="METHOD" missed="0" covered="1"/><counter type="CLASS" missed="0" covered="1"/></class><class name="com/github/komidawi/pizzacostcalculator/screen/list/PizzaListFragmentViewModel" sourcefilename="PizzaListFragmentViewModel.kt"><method name="getSortingMode" desc="()Landroidx/lifecycle/MutableLiveData;" line="15"><counter type="INSTRUCTION" missed="0" covered="3"/><counter type="LINE" missed="0" covered="1"/><counter type="COMPLEXITY" missed="0" covered="1"/><counter type="METHOD" missed="0" covered="1"/></method><method name="setSortingMode" desc="(Landroidx/lifecycle/MutableLiveData;)V" line="15"><counter type="INSTRUCTION" missed="7" covered="0"/><counter type="LINE" missed="1" covered="0"/><counter type="COMPLEXITY" missed="1" covered="0"/><counter type="METHOD" missed="1" covered="0"/></method><method name="getPizzaList" desc="()Landroidx/lifecycle/LiveData;" line="17"><counter type="INSTRUCTION" missed="0" covered="3"/><counter type="LINE" missed="0" covered="1"/><counter type="COMPLEXITY" missed="0" covered="1"/><counter type="METHOD" missed="0" covered="1"/></method><method name="onRemove" desc="(Lcom/github/komidawi/pizzacostcalculator/domain/Pizza;)V" line="20"><counter type="INSTRUCTION" missed="0" covered="19"/><counter type="LINE" missed="0" covered="2"/><counter type="COMPLEXITY" missed="0" covered="1"/><counter type="METHOD" missed="0" covered="1"/></method><method name="onCleared" desc="()V" line="28"><counter type="INSTRUCTION" missed="9" covered="0"/><counter type="LINE" missed="3" covered="0"/><counter type="COMPLEXITY" missed="1" covered="0"/><counter type="METHOD" missed="1" covered="0"/></method><method name="&lt;init&gt;" desc="(Lcom/github/komidawi/pizzacostcalculator/data/repository/PizzaRepository;Lkotlinx/coroutines/CoroutineDispatcher;)V" line="10"><counter type="INSTRUCTION" missed="0" covered="26"/><counter type="LINE" missed="0" covered="4"/><counter type="COMPLEXITY" missed="0" covered="1"/><counter type="METHOD" missed="0" covered="1"/></method><counter type="INSTRUCTION" missed="16" covered="51"/><counter type="LINE" missed="3" covered="6"/><counter type="COMPLEXITY" missed="2" covered="4"/><counter type="METHOD" missed="2" covered="4"/><counter type="CLASS" missed="0" covered="1"/></class><class name="com/github/komidawi/pizzacostcalculator/screen/list/PizzaDiffCallback" sourcefilename="PizzaListAdapter.kt"><method name="areItemsTheSame" desc="(Lcom/github/komidawi/pizzacostcalculator/domain/Pizza;Lcom/github/komidawi/pizzacostcalculator/domain/Pizza;)Z" line="65"><counter type="INSTRUCTION" missed="0" covered="12"/><counter type="LINE" missed="0" covered="1"/><counter type="COMPLEXITY" missed="0" covered="1"/><counter type="METHOD" missed="0" covered="1"/></method><method name="areContentsTheSame" desc="(Lcom/github/komidawi/pizzacostcalculator/domain/Pizza;Lcom/github/komidawi/pizzacostcalculator/domain/Pizza;)Z" line="67"><counter type="INSTRUCTION" missed="0" covered="10"/><counter type="LINE" missed="0" covered="1"/><counter type="COMPLEXITY" missed="0" covered="1"/><counter type="METHOD" missed="0" covered="1"/></method><method name="&lt;init&gt;" desc="()V" line="63"><counter type="INSTRUCTION" missed="0" covered="3"/><counter type="LINE" missed="0" covered="1"/><counter type="COMPLEXITY" missed="0" covered="1"/><counter type="METHOD" missed="0" covered="1"/></method><counter type="INSTRUCTION" missed="0" covered="25"/><counter type="LINE" missed="0" covered="3"/><counter type="COMPLEXITY" missed="0" covered="3"/><counter type="METHOD" missed="0" covered="3"/><counter type="CLASS" missed="0" covered="1"/></class><class name="com/github/komidawi/pizzacostcalculator/screen/list/PizzaListFragmentDirections" sourcefilename="PizzaListFragmentDirections.kt"/><sourcefile name="SortingMode.kt"><line nr="25" mi="0" ci="6" mb="0" cb="0"/><line nr="26" mi="0" ci="8" mb="0" cb="0"/><line nr="27" mi="2" ci="10" mb="1" cb="1"/><counter type="INSTRUCTION" missed="2" covered="27"/><counter type="BRANCH" missed="1" covered="1"/><counter type="LINE" missed="0" covered="3"/><counter type="COMPLEXITY" missed="1" covered="1"/><counter type="METHOD" missed="0" covered="1"/><counter type="CLASS" missed="0" covered="1"/></sourcefile><sourcefile name="BindingAdapters.kt"><line nr="14" mi="0" ci="6" mb="0" cb="0"/><line nr="18" mi="1" ci="16" mb="1" cb="1"/><line nr="19" mi="0" ci="1" mb="0" cb="0"/><line nr="23" mi="1" ci="16" mb="1" cb="1"/><line nr="24" mi="0" ci="1" mb="0" cb="0"/><line nr="28" mi="1" ci="39" mb="1" cb="1"/><line nr="29" mi="0" ci="1" mb="0" cb="0"/><line nr="33" mi="1" ci="39" mb="1" cb="1"/><line nr="34" mi="0" ci="1" mb="0" cb="0"/><line nr="38" mi="1" ci="39" mb="1" cb="1"/><line nr="39" mi="0" ci="1" mb="0" cb="0"/><line nr="43" mi="1" ci="38" mb="1" cb="1"/><line nr="44" mi="0" ci="1" mb="0" cb="0"/><line nr="48" mi="1" ci="13" mb="1" cb="1"/><line nr="49" mi="0" ci="16" mb="0" cb="0"/><line nr="50" mi="0" ci="5" mb="0" cb="0"/><line nr="51" mi="0" ci="7" mb="0" cb="0"/><line nr="52" mi="0" ci="9" mb="0" cb="0"/><line nr="54" mi="0" ci="1" mb="0" cb=
[...]
unter type="COMPLEXITY" missed="0" covered="1"/><counter type="METHOD" missed="0" covered="1"/></method><counter type="INSTRUCTION" missed="0" covered="8"/><counter type="LINE" missed="0" covered="2"/><counter type="COMPLEXITY" missed="0" covered="2"/><counter type="METHOD" missed="0" covered="2"/><counter type="CLASS" missed="0" covered="1"/></class><class name="com/github/komidawi/pizzacostcalculator/MainActivity" sourcefilename="MainActivity.kt"><method name="onCreate" desc="(Landroid/os/Bundle;)V" line="12"><counter type="INSTRUCTION" missed="0" covered="18"/><counter type="LINE" missed="0" covered="5"/><counter type="COMPLEXITY" missed="0" covered="1"/><counter type="METHOD" missed="0" covered="1"/></method><method name="onSupportNavigateUp" desc="()Z" line="20"><counter type="INSTRUCTION" missed="8" covered="0"/><counter type="LINE" missed="2" covered="0"/><counter type="COMPLEXITY" missed="1" covered="0"/><counter type="METHOD" missed="1" covered="0"/></method><method name="&lt;init&gt;" desc="()V" line="10"><counter type="INSTRUCTION" missed="0" covered="3"/><counter type="LINE" missed="0" covered="1"/><counter type="COMPLEXITY" missed="0" covered="1"/><counter type="METHOD" missed="0" covered="1"/></method><counter type="INSTRUCTION" missed="8" covered="21"/><counter type="LINE" missed="2" covered="6"/><counter type="COMPLEXITY" missed="1" covered="2"/><counter type="METHOD" missed="1" covered="2"/><counter type="CLASS" missed="0" covered="1"/></class><class name="com/github/komidawi/pizzacostcalculator/BR" sourcefilename="BR.java"><method name="&lt;init&gt;" desc="()V" line="3"><counter type="INSTRUCTION" missed="3" covered="0"/><counter type="LINE" missed="1" covered="0"/><counter type="COMPLEXITY" missed="1" covered="0"/><counter type="METHOD" missed="1" covered="0"/></method><counter type="INSTRUCTION" missed="3" covered="0"/><counter type="LINE" missed="1" covered="0"/><counter type="COMPLEXITY" missed="1" covered="0"/><counter type="METHOD" missed="1" covered="0"/><counter type="CLASS" missed="1" covered="0"/></class><class name="com/github/komidawi/pizzacostcalculator/DataBinderMapperImpl$InnerBrLookup" sourcefilename="DataBinderMapperImpl.java"><method name="&lt;clinit&gt;" desc="()V" line="119"><counter type="INSTRUCTION" missed="22" covered="0"/><counter type="LINE" missed="6" covered="0"/><counter type="COMPLEXITY" missed="1" covered="0"/><counter type="METHOD" missed="1" covered="0"/></method><counter type="INSTRUCTION" missed="22" covered="0"/><counter type="LINE" missed="6" covered="0"/><counter type="COMPLEXITY" missed="1" covered="0"/><counter type="METHOD" missed="1" covered="0"/><counter type="CLASS" missed="1" covered="0"/></class><class name="com/github/komidawi/pizzacostcalculator/ServiceLocator$resetRepository$1$1" sourcefilename="ServiceLocator.kt"><method name="invokeSuspend" desc="(Ljava/lang/Object;)Ljava/lang/Object;" line="31"><counter type="INSTRUCTION" missed="5" covered="32"/><counter type="BRANCH" missed="2" covered="5"/><counter type="LINE" missed="0" covered="2"/><counter type="COMPLEXITY" missed="2" covered="3"/><counter type="METHOD" missed="0" covered="1"/></method><counter type="INSTRUCTION" missed="5" covered="32"/><counter type="BRANCH" missed="2" covered="5"/><counter type="LINE" missed="0" covered="2"/><counter type="COMPLEXITY" missed="2" covered="3"/><counter type="METHOD" missed="0" covered="1"/><counter type="CLASS" missed="0" covered="1"/></class><sourcefile name="PizzaApplication.kt"><line nr="6" mi="0" ci="3" mb="0" cb="0"/><line nr="9" mi="0" ci="5" mb="0" cb="0"/><counter type="INSTRUCTION" missed="0" covered="8"/><counter type="LINE" missed="0" covered="2"/><counter type="COMPLEXITY" missed="0" covered="2"/><counter type="METHOD" missed="0" covered="2"/><counter type="CLASS" missed="0" covered="1"/></sourcefile><sourcefile name="ServiceLocator.kt"><line nr="15" mi="0" ci="6" mb="0" cb="0"/><line nr="22" mi="2" ci="3" mb="0" cb="0"/><line nr="25" mi="0" ci="5" mb="0" cb="0"/><line nr="30" mi="0" ci="12" mb="0" cb="0"/><line nr="31" mi="0" ci="21" mb="1" cb="2"/><line nr="32" mi="5" ci="20" mb="1" cb="3"/><line nr="34" mi="0" ci="14" mb="0" cb="2"/><line nr="35" mi="0" ci="2" mb="0" cb="0"/><line nr="36" mi="0" ci="2" mb="0" cb="0"/><line nr="37" mi="0" ci="1" mb="0" cb="0"/><line nr="38" mi="0" ci="3" mb="0" cb="0"/><line nr="39" mi="0" ci="3" mb="0" cb="0"/><line nr="40" mi="0" ci="3" mb="0" cb="0"/><line nr="41" mi="0" ci="2" mb="0" cb="0"/><line nr="42" mi="0" ci="1" mb="0" cb="0"/><line nr="45" mi="0" ci="11" mb="0" cb="0"/><line nr="46" mi="0" ci="11" mb="0" cb="2"/><line nr="51" mi="0" ci="4" mb="0" cb="0"/><line nr="52" mi="0" ci="5" mb="0" cb="0"/><line nr="53" mi="0" ci="6" mb="0" cb="0"/><line nr="54" mi="0" ci="3" mb="0" cb="0"/><line nr="55" mi="0" ci="3" mb="0" cb="0"/><line nr="59" mi="1" ci="8" mb="1" cb="1"/><line nr="60" mi="0" ci="3" mb="0" cb="0"/><line nr="61" mi="0" ci="2" mb="0" cb="0"/><line nr="62" mi="0" ci="2" mb="0" cb="0"/><line nr="66" mi="0" ci="6" mb="0" cb="0"/><line nr="67" mi="0" ci="2" mb="0" cb="0"/><line nr="68" mi="0" ci="1" mb="0" cb="0"/><line nr="69" mi="0" ci="1" mb="0" cb="0"/><line nr="71" mi="0" ci="8" mb="0" cb="0"/><line nr="72" mi="0" ci="5" mb="0" cb="0"/><line nr="73" mi="0" ci="4" mb="0" cb="0"/><line nr="74" mi="0" ci="2" mb="0" cb="0"/><line nr="75" mi="0" ci="2" mb="0" cb="0"/><counter type="INSTRUCTION" missed="8" covered="191"/><counter type="BRANCH" missed="3" covered="10"/><counter type="LINE" missed="0" covered="35"/><counter type="COMPLEXITY" missed="4" covered="12"/><counter type="METHOD" missed="1" covered="8"/><counter type="CLASS" missed="0" covered="2"/></sourcefile><sourcefile name="DataBindingTriggerClass.java"><line nr="4" mi="3" ci="0" mb="0" cb="0"/><counter type="INSTRUCTION" missed="3" covered="0"/><counter type="LINE" missed="1" covered="0"/><counter type="COMPLEXITY" missed="1" covered="0"/><counter type="METHOD" missed="1" covered="0"/><counter type="CLASS" missed="1" covered="0"/></sourcefile><sourcefile name="DataBinderMapperImpl.java"><line nr="23" mi="0" ci="3" mb="0" cb="0"/><line nr="32" mi="0" ci="5" mb="0" cb="0"/><line nr="35" mi="0" ci="4" mb="0" cb="0"/><line nr="36" mi="0" ci="4" mb="0" cb="0"/><line nr="37" mi="0" ci="4" mb="0" cb="0"/><line nr="38" mi="0" ci="4" mb="0" cb="0"/><line nr="39" mi="0" ci="1" mb="0" cb="0"/><line nr="43" mi="0" ci="4" mb="0" cb="0"/><line nr="44" mi="0" ci="2" mb="1" cb="1"/><line nr="45" mi="0" ci="3" mb="0" cb="0"/><line nr="46" mi="0" ci="2" mb="1" cb="1"/><line nr="47" mi="5" ci="0" mb="0" cb="0"/><line nr="49" mi="0" ci="2" mb="1" cb="4"/><line nr="51" mi="0" ci="4" mb="1" cb="1"/><line nr="52" mi="0" ci="6" mb="0" cb="0"/><line nr="54" mi="12" ci="0" mb="0" cb="0"/><line nr="57" mi="0" ci="4" mb="1" cb="1"/><line nr="58" mi="0" ci="6" mb="0" cb="0"/><line nr="60" mi="12" ci="0" mb="0" cb="0"/><line nr="63" mi="0" ci="4" mb="1" cb="1"/><line nr="64" mi="0" ci="6" mb="0" cb="0"/><line nr="66" mi="12" ci="0" mb="0" cb="0"/><line nr="69" mi="0" ci="4" mb="1" cb="1"/><line nr="70" mi="0" ci="6" mb="0" cb="0"/><line nr="72" mi="12" ci="0" mb="0" cb="0"/><line nr="76" mi="2" ci="0" mb="0" cb="0"/><line nr="81" mi="5" ci="0" mb="4" cb="0"/><line nr="82" mi="2" ci="0" mb="0" cb="0"/><line nr="84" mi="4" ci="0" mb="0" cb="0"/><line nr="85" mi="2" ci="0" mb="2" cb="0"/><line nr="86" mi="5" ci="0" mb="0" cb="0"/><line nr="87" mi="2" ci="0" mb="2" cb="0"/><line nr="88" mi="5" ci="0" mb="0" cb="0"/><line nr="90" mi="2" ci="0" mb="0" cb="0"/><line nr="93" mi="2" ci="0" mb="0" cb="0"/><line nr="98" mi="2" ci="0" mb="2" cb="0"/><line nr="99" mi="2" ci="0" mb="0" cb="0"/><line nr="101" mi="5" ci="0" mb="0" cb="0"/><line nr="102" mi="7" ci="0" mb="2" cb="0"/><line nr="107" mi="5" ci="0" mb="0" cb="0"/><line nr="108" mi="2" ci="0" mb="0" cb="0"/><line nr="113" mi="0" ci="5" mb="0" cb="0"/><line nr="114" mi="0" ci="6" mb="0" cb="0"/><line nr="115" mi="0" ci="2" mb="0" cb="0"/><line nr="119" mi="5" ci="0" mb="0" cb="0"/><line nr="122" mi="4" ci="0" mb="0" cb="0"/><line nr="123" mi="4" ci="0" mb="0" cb="0"/><line nr="124" mi="4" ci="0" mb="0" cb="0"/><line nr="125" mi="4" ci="0" mb="0" cb="0"/><line nr="126" mi="1" ci="0" mb="0" cb="0"/><line nr="130" mi="5" ci="0" mb="0" cb="0"/><line nr="133" mi="6" ci="0" mb="0" cb="0"/><line nr="134" mi="6" ci="0" mb="0" cb="0"/><line nr="135" mi="6" ci="0" mb="0" cb="0"/><line nr="136" mi="6" ci="0" mb="0" cb="0"/><line nr="137" mi="1" ci="0" mb="0" cb="0"/><counter type="INSTRUCTION" missed="159" covered="91"/><counter type="BRANCH" missed="19" covered="10"/><counter type="LINE" missed="33" covered="23"/><counter type="COMPLEXITY" missed="18" covered="7"/><counter type="METHOD" missed="5" covered="4"/><counter type="CLASS" missed="2" covered="1"/></sourcefile><sourcefile name="BR.java"><line nr="3" mi="3" ci="0" mb="0" cb="0"/><counter type="INSTRUCTION" missed="3" covered="0"/><counter type="LINE" missed="1" covered="0"/><counter type="COMPLEXITY" missed="1" covered="0"/><counter type="METHOD" missed="1" covered="0"/><counter type="CLASS" missed="1" covered="0"/></sourcefile><sourcefile name="MainActivity.kt"><line nr="10" mi="0" ci="3" mb="0" cb="0"/><line nr="12" mi="0" ci="3" mb="0" cb="0"/><line nr="13" mi="0" ci="5" mb="0" cb="0"/><line nr="15" mi="0" ci="5" mb="0" cb="0"/><line nr="16" mi="0" ci="4" mb="0" cb="0"/><line nr="17" mi="0" ci="1" mb="0" cb="0"/><line nr="20" mi="5" ci="0" mb="0" cb="0"/><line nr="21" mi="3" ci="0" mb="0" cb="0"/><counter type="INSTRUCTION" missed="8" covered="21"/><counter type="LINE" missed="2" covered="6"/><counter type="COMPLEXITY" missed="1" covered="2"/><counter type="METHOD" missed="1" covered="2"/><counter type="CLASS" missed="0" covered="1"/></sourcefile><counter type="INSTRUCTION" missed="181" covered="311"/><counter type="BRANCH" missed="22" covered="20"/><counter type="LINE" missed="37" covered="66"/><counter type="COMPLEXITY" missed="25" covered="23"/><counter type="METHOD" missed="9" covered="16"/><counter type="CLASS" missed="4" covered="5"/></package><package name="com/github/komidawi/pizzacostcalculator/data/repository"><class name="com/github/komidawi/pizzacostcalculator/data/repository/PizzaRepositoryImpl" sourcefilename="PizzaRepositoryImpl.kt"><method name="insert" desc="(Lcom/github/komidawi/pizzacostcalculator/domain/Pizza;Lkotlin/coroutines/Continuation;)Ljava/lang/Object;" line="11"><counter type="INSTRUCTION" missed="0" covered="12"/><counter type="BRANCH" missed="0" covered="2"/><counter type="LINE" missed="0" covered="2"/><counter type="COMPLEXITY" missed="0" covered="2"/><counter type="METHOD" missed="0" covered="1"/></method><method name="insertAll" desc="(Ljava/util/List;Lkotlin/coroutines/Continuation;)Ljava/lang/Object;" line="15"><counter type="INSTRUCTION" missed="12" covered="0"/><counter type="BRANCH" missed="2" covered="0"/><counter type="LINE" missed="2" covered="0"/><counter type="COMPLEXITY" missed="2" covered="0"/><counter type="METHOD" missed="1" covered="0"/></method><method name="getById" desc="(JLkotlin/coroutines/Continuation;)Ljava/lang/Object;" line="18"><counter type="INSTRUCTION" missed="6" covered="0"/><counter type="LINE" missed="1" covered="0"/><counter type="COMPLEXITY" missed="1" covered="0"/><counter type="METHOD" missed="1" covered="0"/></method><method name="getByUuid" desc="(Ljava/util/UUID;Lkotlin/coroutines/Continuation;)Ljava/lang/Object;" line="21"><counter type="INSTRUCTION" missed="0" covered="6"/><counter type="LINE" missed="0" covered="1"/><counter type="COMPLEXITY" missed="0" covered="1"/><counter type="METHOD" missed="0" covered="1"/></method><method name="getAll" desc="()Landroidx/lifecycle/LiveData;" line="23"><counter type="INSTRUCTION" missed="0" covered="4"/><counter type="LINE" missed="0" covered="1"/><counter type="COMPLEXITY" missed="0" covered="1"/><counter type="METHOD" missed="0" covered="1"/></method><method name="update" desc="(Lcom/github/komidawi/pizzacostcalculator/domain/Pizza;Lkotlin/coroutines/Continuation;)Ljava/lang/Object;" line="26"><counter type="INSTRUCTION" missed="12" covered="0"/><counter type="BRANCH" missed="2" covered="0"/><counter type="LINE" missed="2" covered="0"/><counter type="COMPLEXITY" missed="2" covered="0"/><counter type="METHOD" missed="1" covered="0"/></method><method name="deleteById" desc="(JLkotlin/coroutines/Continuation;)Ljava/lang/Object;" line="30"><counter type="INSTRUCTION" missed="12" covered="0"/><counter type="BRANCH" missed="2" covered="0"/><counter type="LINE" missed="2" covered="0"/><counter type="COMPLEXITY" missed="2" covered="0"/><counter type="METHOD" missed="1" covered="0"/></method><method name="deleteByUuid" desc="(Ljava/util/UUID;Lkotlin/coroutines/Continuation;)Ljava/lang/Object;" line="34"><counter type="INSTRUCTION" missed="0" covered="12"/><counter type="BRANCH" missed="0" covered="2"/><counter type="LINE" missed="0" covered="2"/><counter type="COMPLEXITY" missed="0" covered="2"/><counter type="METHOD" missed="0" covered="1"/></method><method name="deleteAll" desc="(Lkotlin/coroutines/Continuation;)Ljava/lang/Object;" line="38"><counter type="INSTRUCTION" missed="3" covered="8"/><counter type="BRANCH" missed="1" covered="1"/><counter type="LINE" missed="1" covered="1"/><counter type="COMPLEXITY" missed="1" covered="1"/><counter type="METHOD" missed="0" covered="1"/></method><method name="&lt;init&gt;" desc="(Lcom/github/komidawi/pizzacostcalculator/data/datasource/DataSource;)V" line="8"><counter type="INSTRUCTION" missed="0" covered="9"/><counter type="LINE" missed="0" covered="1"/><counter type="COMPLEXITY" missed="0" covered="1"/><counter type="METHOD" missed="0" covered="1"/></method><counter type="INSTRUCTION" missed="45" covered="51"/><counter type="BRANCH" missed="7" covered="5"/><counter type="LINE" missed="8" covered="8"/><counter type="COMPLEXITY" missed="8" covered="8"/><counter type="METHOD" missed="4" covered="6"/><counter type="CLASS" missed="0" covered="1"/></class><class name="com/github/komidawi/pizzacostcalculator/data/repository/PizzaRepository" sourcefilename="PizzaRepository.kt"/><sourcefile name="PizzaRepositoryImpl.kt"><line nr="8" mi="0" ci="6" mb="0" cb="0"/><line nr="11" mi="0" ci="10" mb="0" cb="2"/><line nr="12" mi="0" ci="2" mb="0" cb="0"/><line nr="15" mi="10" ci="0" mb="2" cb="0"/><line nr="16" mi="2" ci="0" mb="0" cb="0"/><line nr="18" mi="6" ci="0" mb="0" cb="0"/><line nr="21" mi="0" ci="6" mb="0" cb="0"/><line nr="23" mi="0" ci="4" mb="0" cb="0"/><line nr="26" mi="10" ci="0" mb="2" cb="0"/><line nr="27" mi="2" ci="0" mb="0" cb="0"/><line nr="30" mi="10" ci="0" mb="2" cb="0"/><line nr="31" mi="2" ci="0" mb="0" cb="0"/><line nr="34" mi="0" ci="10" mb="0" cb="2"/><line nr="35" mi="0" ci="2" mb="0" cb="0"/><line nr="38" mi="1" ci="8" mb="1" cb="1"/><line nr="39" mi="2" ci="0" mb="0" cb="0"/><counter type="INSTRUCTION" missed="45" covered="51"/><counter type="BRANCH" missed="7" covered="5"/><counter type="LINE" missed="8" covered="8"/><counter type="COMPLEXITY" missed="8" covered="8"/><counter type="METHOD" missed="4" covered="6"/><counter type="CLASS" missed="0" covered="1"/></sourcefile><sourcefile name="PizzaRepository.kt"/><counter type="INSTRUCTION" missed="45" covered="51"/><counter type="BRANCH" missed="7" covered="5"/><counter type="LINE" missed="8" covered="8"/><counter type="COMPLEXITY" missed="8" covered="8"/><counter type="METHOD" missed="4" covered="6"/><counter type="CLASS" missed="0" covered="1"/></package><package name="com/github/komidawi/pizzacostcalculator/config"><class name="com/github/komidawi/pizzacostcalculator/config/Env" sourcefilename="Env.kt"><method name="&lt;clinit&gt;" desc="()V" line="3"><counter type="INSTRUCTION" missed="7" covered="0"/><counter type="LINE" missed="1" covered="0"/><counter type="COMPLEXITY" missed="1" covered="0"/><counter type="METHOD" missed="1" covered="0"/></method><counter type="INSTRUCTION" missed="7" covered="0"/><counter type="LINE" missed="1" covered="0"/><counter type="COMPLEXITY" missed="1" covered="0"/><counter type="METHOD" missed="1" covered="0"/><counter type="CLASS" missed="1" covered="0"/></class><class name="com/github/komidawi/pizzacostcalculator/config/EnvTemplate" sourcefilename="EnvTemplate.kt"><method name="&lt;clinit&gt;" desc="()V" line="3"><counter type="INSTRUCTION" missed="7" covered="0"/><counter type="LINE" missed="1" covered="0"/><counter type="COMPLEXITY" missed="1" covered="0"/><counter type="METHOD" missed="1" covered="0"/></method><counter type="INSTRUCTION" missed="7" covered="0"/><counter type="LINE" missed="1" covered="0"/><counter type="COMPLEXITY" missed="1" covered="0"/><counter type="METHOD" missed="1" covered="0"/><counter type="CLASS" missed="1" covered="0"/></class><sourcefile name="EnvTemplate.kt"><line nr="3" mi="7" ci="0" mb="0" cb="0"/><counter type="INSTRUCTION" missed="7" covered="0"/><counter type="LINE" missed="1" covered="0"/><counter type="COMPLEXITY" missed="1" covered="0"/><counter type="METHOD" missed="1" covered="0"/><counter type="CLASS" missed="1" covered="0"/></sourcefile><sourcefile name="Env.kt"><line nr="3" mi="7" ci="0" mb="0" cb="0"/><counter type="INSTRUCTION" missed="7" covered="0"/><counter type="LINE" missed="1" covered="0"/><counter type="COMPLEXITY" missed="1" covered="0"/><counter type="METHOD" missed="1" covered="0"/><counter type="CLASS" missed="1" covered="0"/></sourcefile><counter type="INSTRUCTION" missed="14" covered="0"/><counter type="LINE" missed="2" covered="0"/><counter type="COMPLEXITY" missed="2" covered="0"/><counter type="METHOD" missed="2" covered="0"/><counter type="CLASS" missed="2" covered="0"/></package><package name="com/github/komidawi/pizzacostcalculator/generated/callback"><class name="com/github/komidawi/pizzacostcalculator/generated/callback/OnClickListener" sourcefilename="OnClickListener.java"><method name="&lt;init&gt;" desc="(Lcom/github/komidawi/pizzacostcalculator/generated/callback/OnClickListener$Listener;I)V" line="5"><counter type="INSTRUCTION" missed="0" covered="9"/><counter type="LINE" missed="0" covered="4"/><counter type="COMPLEXITY" missed="0" covered="1"/><counter type="METHOD" missed="0" covered="1"/></method><method name="onClick" desc="(Landroid/view/View;)V" line="11"><counter type="INSTRUCTION" missed="0" covered="7"/><counter type="LINE" missed="0" covered="2"/><counter type="COMPLEXITY" missed="0" covered="1"/><counter type="METHOD" missed="0" covered="1"/></method><counter type="INSTRUCTION" missed="0" covered="16"/><counter type="LINE" missed="0" covered="6"/><counter type="COMPLEXITY" missed="0" covered="2"/><counter type="METHOD" missed="0" covered="2"/><counter type="CLASS" missed="0" covered="1"/></class><class name="com/github/komidawi/pizzacostcalculator/generated/callback/OnClickListener$Listener" sourcefilename="OnClickListener.java"/><sourcefile name="OnClickListener.java"><line nr="5" mi="0" ci="2" mb="0" cb="0"/><line nr="6" mi="0" ci="3" mb="0" cb="0"/><line nr="7" mi="0" ci="3" mb="0" cb="0"/><line nr="8" mi="0" ci="1" mb="0" cb="0"/><line nr="11" mi="0" ci="6" mb="0" cb="0"/><line nr="12" mi="0" ci="1" mb="0" cb="0"/><counter type="INSTRUCTION" missed="0" covered="16"/><counter type="LINE" missed="0" covered="6"/><counter type="COMPLEXITY" missed="0" covered="2"/><counter type="METHOD" missed="0" covered="2"/><counter type="CLASS" missed="0" covered="1"/></sourcefile><counter type="INSTRUCTION" missed="0" covered="16"/><counter type="LINE" missed="0" covered="6"/><counter type="COMPLEXITY" missed="0" covered="2"/><counter type="METHOD" missed="0" covered="2"/><counter type="CLASS" missed="0" covered="1"/></package><counter type="INSTRUCTION" missed="1827" covered="4914"/><counter type="BRANCH" missed="229" covered="214"/><counter type="LINE" missed="307" covered="926"/><counter type="COMPLEXITY" missed="272" covered="294"/><counter type="METHOD" missed="96" covered="239"/><counter type="CLASS" missed="20" covered="74"/></report>